<?xml version="1.0" encoding="UTF-8"?>
<testsuite xmlns:xsi="http://www.w3.org/2001/XMLSchema-instance" xsi:schemaLocation="https://maven.apache.org/surefire/maven-surefire-plugin/xsd/surefire-test-report.xsd" name="CucumberTestSuite" time="102.881" tests="24" errors="2" skipped="2" failures="0">
  <properties>
[...]
</properties>
  <testcase name="I am on calculator page" classname="As a User, I want add up 2 numbers" time="0.558"/>
  <testcase name="I click button 1" classname="As a User, I want add up 2 numbers" time="20.631"/>
  <testcase name="I click operator add button" classname="As a User, I want add up 2 numbers" time="0.219"/>
  <testcase name="I click button 2" classname="As a User, I want add up 2 numbers" time="1.278"/>
  <testcase name="I got 3" classname="As a User, I want add up 2 numbers" time="0.005"/>
  <testcase name="As a User, I want add up 2 numbers" classname="As a User, I want add up 2 numbers" time="0.029"/>
  <testcase name="I am on calculator page" classname="As a User, I want subtract 2 numbers" time="0.01"/>
  <testcase name="I click button 1" classname="As a User, I want subtract 2 numbers" time="17.361"/>
  <testcase name="I click operator subtract button" classname="As a User, I want subtract 2 numbers" time="0.152"/>
  <testcase name="I click button 2" classname="As a User, I want subtract 2 numbers" time="1.256"/>
  <testcase name="I got -1" classname="As a User, I want subtract 2 numbers" time="0.004"/>
  <testcase name="As a User, I want subtract 2 numbers" classname="As a User, I want subtract 2 numbers" time="0.015"/>
  <testcase name="I am on calculator page" classname="As a User, I want divide 2 numbers" time="0.027"/>
  <testcase name="I click button 1" classname="As a User, I want divide 2 numbers" time="18.145"/>
  <testcase name="I click operator divide button" classname="As a User, I want divide 2 numbers" time="15.239">
    <error message="Expected condition failed: waiting for element to be clickable: By.xpath: //android.view.View[@content-desc=&quot; Ã· &quot;] (tried for 15 second(s) with 500 milliseconds interval)" type="org.openqa.selenium.TimeoutException">org.openqa.selenium.TimeoutException: Expected condition failed: waiting for element to be clickable: By.xpath: //android.view.View[@content-desc=" Ã· "] (tried for 15 second(s) with 500 milliseconds interval)
Caused by: org.openqa.selenium.NoSuchElementException: 
An element could not be located on the page using the given search parameters.
For documentation on this error, please visit: https://www.seleniumhq.org/exceptions/no_such_element.html
Build info: version: '3.141.59', revision: 'e82be7d358', time: '2018-11-14T08:17:03'
System info: host: 'MSI', ip: '192.168.56.1', os.name: 'Windows 10', os.arch: 'amd64', os.version: '10.0', java.version: '17.0.2'
Driver info: io.appium.java_client.android.AndroidDriver
Capabilities {app: D:\WebProgramming\Android\P..., appPackage: com.example.calculator, autoGrantPermissions: true, automationName: UiAutomator2, databaseEnabled: false, desired: {app: D:\WebProgramming\Android\P..., autoGrantPermissions: true, automationName: UiAutomator2, newCommandTimeout: 100, noReset: true, platformName: android}, deviceApiLevel: 29, deviceManufacturer: Google, deviceModel: Android SDK built for x86, deviceName: emulator-5554, deviceScreenDensity: 440, deviceScreenSize: 1080x2280, deviceUDID: emulator-5554, javascriptEnabled: true, locationContextEnabled: false, networkConnectionEnabled: true, newCommandTimeout: 100, noReset: true, pixelRatio: 2.75, platform: LINUX, platformName: Android, platformVersion: 10, statBarHeight: 135, takesScreenshot: true, viewportRect: {height: 1842, left: 0, top: 135, width: 1080}, warnings: {}, webStorageEnabled: false}
Session ID: e38487ee-1163-40d4-8755-e8966b3143be
*** Element info: {Using=xpath, value=//android.view.View[@content-desc=" Ã· "]}
</error>
    <system-out><![CDATA[  &amp#27;[32mWhen &amp#27;[0m&amp#27;[32mI click button 1&amp#27;[0m                      &amp#27;[90m# test.alta.stepdefinitions.OperationSteps.clickButton1()&amp#27;[0m
]]></system-out>
  </testcase>
  <testcase name="I click button 2" classname="As a User, I want divide 2 numbers" time="0">
    <skipped/>
    <system-out><![CDATA[  &amp#27;[31mAnd &amp#27;[0m&amp#27;[31mI click operator divide button&amp#27;[0m         &amp#27;[90m# test.alta.stepdefinitions.OperationSteps.clickOperatorDivideButton()&amp#27;[0m
      &amp#27;[31morg.openqa.selenium.TimeoutException: Expected condition failed: waiting for element to be clickable: By.xpath: //android.view.View[@content-desc=" ÃƒÂ· "] (tried for 15 second(s) with 500 milliseconds interval)
	at org.openqa.selenium.support.ui.WebDriverWait.timeoutException(WebDriverWait.java:95)
	at org.openqa.selenium.support.ui.FluentWait.until(FluentWait.java:272)
	at test.alta.pageobject.BasePageObject.waitUntilClickable(BasePageObject.java:28)
	at test.alta.pages.AddScreen$ByteBuddy$j3ALTyhG.waitUntilClickable$accessor$Th5kA4lo(Unknown Source)
	at java.base/jdk.internal.reflect.NativeMethodAccessorImpl.invoke0(Native Method)
	at java.base/jdk.internal.reflect.NativeMethodAccessorImpl.invoke(NativeMethodAccessorImpl.java:77)
	at java.base/jdk.internal.reflect.DelegatingMethodAccessorImpl.invoke(DelegatingMethodAccessorImpl.java:43)
	at java.base/java.lang.reflect.Method.invoke(Method.java:568)
	at net.thucydides.core.steps.BaseMethodRunner.invokeMethod(BaseMethodRunner.java:18)
	at net.thucydides.core.steps.NormalMethodRunner.invokeMethodAndNotifyFailures(NormalMethodRunner.java:18)
	at net.thucydides.core.steps.StepInterceptor.runNormalMethod(StepInterceptor.java:407)
	at net.thucydides.core.steps.StepInterceptor.testStepResult(StepInterceptor.java:192)
	at net.thucydides.core.steps.StepInterceptor.intercept(StepInterceptor.java:85)
	at net.thucydides.core.steps.ProxyConfiguration$InterceptorDispatcher.intercept(ProxyConfiguration.java:51)
	at test.alta.pages.AddScreen$ByteBuddy$j3ALTyhG.waitUntilClickable(Unknown Source)
	at test.alta.pageobject.BasePageObject.onClick(BasePageObject.java:40)
	at test.alta.pages.AddScreen$ByteBuddy$j3ALTyhG.onClick$accessor$Th5kA4lo(Unknown Source)
	at java.base/jdk.internal.reflect.NativeMethodAccessorImpl.invoke0(Native Method)
	at java.base/jdk.internal.reflect.NativeMethodAccessorImpl.invoke(NativeMethodAccessorImpl.java:77)
	at java.base/jdk.internal.reflect.DelegatingMethodAccessorImpl.invoke(DelegatingMethodAccessorImpl.java:43)
	at java.base/java.lang.reflect.Method.invoke(Method.java:568)
	at net.thucydides.core.steps.BaseMethodRunner.invokeMethod(BaseMethodRunner.java:18)
	at net.thucydides.core.steps.NormalMethodRunner.invokeMethodAndNotifyFailures(NormalMethodRunner.java:18)
	at net.thucydides.core.steps.StepInterceptor.runNormalMethod(StepInterceptor.java:407)
	at net.thucydides.core.steps.StepInterceptor.testStepResult(StepInterceptor.java:192)
	at net.thucydides.core.steps.StepInterceptor.intercept(StepInterceptor.java:85)
	at net.thucydides.core.steps.ProxyConfiguration$InterceptorDispatcher.intercept(ProxyConfiguration.java:51)
	at test.alta.pages.AddScreen$ByteBuddy$j3ALTyhG.onClick(Unknown Source)
	at test.alta.pages.AddScreen.clickDivideButton(AddScreen.java:85)
	at test.alta.pages.AddScreen$ByteBuddy$j3ALTyhG.clickDivideButton$accessor$Th5kA4lo(Unknown Source)
	at java.base/jdk.internal.reflect.NativeMethodAccessorImpl.invoke0(Native Method)
	at java.base/jdk.internal.reflect.NativeMethodAccessorImpl.invoke(NativeMethodAccessorImpl.java:77)
	at java.base/jdk.internal.reflect.DelegatingMethodAccessorImpl.invoke(DelegatingMethodAccessorImpl.java:43)
	at java.base/java.lang.reflect.Method.invoke(Method.java:568)
	at net.thucydides.core.steps.StepInterceptor.invokeMethod(StepInterceptor.java:504)
	at net.thucydides.core.steps.StepInterceptor.executeTestStepMethod(StepInterceptor.java:484)
	at net.thucydides.core.steps.StepInterceptor.runTestStep(StepInterceptor.java:458)
	at net.thucydides.core.steps.StepInterceptor.runOrSkipMethod(StepInterceptor.java:210)
	at net.thucydides.core.steps.StepInterceptor.testStepResult(StepInterceptor.java:197)
	at net.thucydides.core.steps.StepInterceptor.intercept(StepInterceptor.java:85)
	at net.thucydides.core.steps.ProxyConfiguration$InterceptorDispatcher.intercept(ProxyConfiguration.java:51)
	at test.alta.pages.AddScreen$ByteBuddy$j3ALTyhG.clickDivideButton(Unknown Source)
	at test.alta.stepdefinitions.OperationSteps.clickOperatorDivideButton(OperationSteps.java:52)
	at âœ½.I click operator divide button(file:///D:/WebProgramming/Android/Praktikum/src/test/resources/features/Operation.feature:20)
Caused by: org.openqa.selenium.NoSuchElementException: An element could not be located on the page using the given search parameters.
For documentation on this error, please visit: https://www.seleniumhq.org/exceptions/no_such_element.html
Build info: version: '3.141.59', revision: 'e82be7d358', time: '2018-11-14T08:17:03'
System info: host: 'MSI', ip: '192.168.56.1', os.name: 'Windows 10', os.arch: 'amd64', os.version: '10.0', java.version: '17.0.2'
Driver info: io.appium.java_client.android.AndroidDriver
Capabilities {app: D:\WebProgramming\Android\P..., appPackage: com.example.calculator, autoGrantPermissions: true, automationName: UiAutomator2, databaseEnabled: false, desired: {app: D:\WebProgramming\Android\P..., autoGrantPermissions: true, automationName: UiAutomator2, newCommandTimeout: 100, noReset: true, platformName: android}, deviceApiLevel: 29, deviceManufacturer: Google, deviceModel: Android SDK built for x86, deviceName: emulator-5554, deviceScreenDensity: 440, deviceScreenSize: 1080x2280, deviceUDID: emulator-5554, javascriptEnabled: true, locationContextEnabled: false, networkConnectionEnabled: true, newCommandTimeout: 100, noReset: true, pixelRatio: 2.75, platform: LINUX, platformName: Android, platformVersion: 10, statBarHeight: 135, takesScreenshot: true, viewportRect: {height: 1842, left: 0, top: 135, width: 1080}, warnings: {}, webStorageEnabled: false}
Session ID: e38487ee-1163-40d4-8755-e8966b3143be
*** Element info: {Using=xpath, value=//android.view.View[@content-desc=" ÃƒÂ· "]}
	at java.base/jdk.internal.reflect.NativeConstructorAccessorImpl.newInstance0(Native Method)
	at java.base/jdk.internal.reflect.NativeConstructorAccessorImpl.newInstance(NativeConstructorAccessorImpl.java:77)
	at java.base/jdk.internal.reflect.DelegatingConstructorAccessorImpl.newInstance(DelegatingConstructorAccessorImpl.java:45)
	at java.base/java.lang.reflect.Constructor.newInstanceWithCaller(Constructor.java:499)
	at java.base/java.lang.reflect.Constructor.newInstance(Constructor.java:480)
	at org.openqa.selenium.remote.http.W3CHttpResponseCodec.createException(W3CHttpResponseCodec.java:187)
	at org.openqa.selenium.remote.http.W3CHttpResponseCodec.decode(W3CHttpResponseCodec.java:122)
	at org.openqa.selenium.remote.http.W3CHttpResponseCodec.decode(W3CHttpResponseCodec.java:49)
	at org.openqa.selenium.remote.HttpCommandExecutor.execute(HttpCommandExecutor.java:158)
	at io.appium.java_client.remote.AppiumCommandExecutor.execute(AppiumCommandExecutor.java:250)
	at org.openqa.selenium.remote.RemoteWebDriver.execute(RemoteWebDriver.java:552)
	at io.appium.java_client.DefaultGenericMobileDriver.execute(DefaultGenericMobileDriver.java:41)
	at io.appium.java_client.AppiumDriver.execute(AppiumDriver.java:1)
	at io.appium.java_client.android.AndroidDriver.execute(AndroidDriver.java:1)
	at org.openqa.selenium.remote.RemoteWebDriver.findElement(RemoteWebDriver.java:323)
	at io.appium.java_client.DefaultGenericMobileDriver.findElement(DefaultGenericMobileDriver.java:61)
	at io.appium.java_client.AppiumDriver.findElement(AppiumDriver.java:1)
	at io.appium.java_client.android.AndroidDriver.findElement(AndroidDriver.java:1)
	at org.openqa.selenium.remote.RemoteWebDriver.findElementByXPath(RemoteWebDriver.java:428)
	at io.appium.java_client.DefaultGenericMobileDriver.findElementByXPath(DefaultGenericMobileDriver.java:151)
	at io.appium.java_client.AppiumDriver.findElementByXPath(AppiumDriver.java:1)
	at io.appium.java_client.android.AndroidDriver.findElementByXPath(AndroidDriver.java:1)
	at org.openqa.selenium.By$ByXPath.findElement(By.java:353)
	at org.openqa.selenium.remote.RemoteWebDriver.findElement(RemoteWebDriver.java:315)
	at io.appium.java_client.DefaultGenericMobileDriver.findElement(DefaultGenericMobileDriver.java:57)
	at io.appium.java_client.AppiumDriver.findElement(AppiumDriver.java:1)
	at io.appium.java_client.android.AndroidDriver.findElement(AndroidDriver.java:1)
	at org.openqa.selenium.support.ui.ExpectedConditions$7.apply(ExpectedConditions.java:205)
	at org.openqa.selenium.support.ui.ExpectedConditions$7.apply(ExpectedConditions.java:201)
	at org.openqa.selenium.support.ui.ExpectedConditions$22.apply(ExpectedConditions.java:641)
	at org.openqa.selenium.support.ui.ExpectedConditions$22.apply(ExpectedConditions.java:638)
	at org.openqa.selenium.support.ui.FluentWait.until(FluentWait.java:249)
	at test.alta.pageobject.BasePageObject.waitUntilClickable(BasePageObject.java:28)
	at test.alta.pages.AddScreen$ByteBuddy$j3ALTyhG.waitUntilClickable$accessor$Th5kA4lo(Unknown Source)
	at java.base/jdk.internal.reflect.NativeMethodAccessorImpl.invoke0(Native Method)
	at java.base/jdk.internal.reflect.NativeMethodAccessorImpl.invoke(NativeMethodAccessorImpl.java:77)
	at java.base/jdk.internal.reflect.DelegatingMethodAccessorImpl.invoke(DelegatingMethodAccessorImpl.java:43)
	at java.base/java.lang.reflect.Method.invoke(Method.java:568)
	at net.thucydides.core.steps.BaseMethodRunner.invokeMethod(BaseMethodRunner.java:18)
	at net.thucydides.core.steps.NormalMethodRunner.invokeMethodAndNotifyFailures(NormalMethodRunner.java:18)
	at net.thucydides.core.steps.StepInterceptor.runNormalMethod(StepInterceptor.java:407)
	at net.thucydides.core.steps.StepInterceptor.testStepResult(StepInterceptor.java:192)
	at net.thucydides.core.steps.StepInterceptor.intercept(StepInterceptor.java:85)
	at net.thucydides.core.steps.ProxyConfiguration$InterceptorDispatcher.intercept(ProxyConfiguration.java:51)
	at test.alta.pages.AddScreen$ByteBuddy$j3ALTyhG.waitUntilClickable(Unknown Source)
	at test.alta.pageobject.BasePageObject.onClick(BasePageObject.java:40)
	at test.alta.pages.AddScreen$ByteBuddy$j3ALTyhG.onClick$accessor$Th5kA4lo(Unknown Source)
	at java.base/jdk.internal.reflect.NativeMethodAccessorImpl.invoke0(Native Method)
	at java.base/jdk.internal.reflect.NativeMethodAccessorImpl.invoke(NativeMethodAccessorImpl.java:77)
	at java.base/jdk.internal.reflect.DelegatingMethodAccessorImpl.invoke(DelegatingMethodAccessorImpl.java:43)
	at java.base/java.lang.reflect.Method.invoke(Method.java:568)
	at net.thucydides.core.steps.BaseMethodRunner.invokeMethod(BaseMethodRunner.java:18)
	at net.thucydides.core.steps.NormalMethodRunner.invokeMethodAndNotifyFailures(NormalMethodRunner.java:18)
	at net.thucydides.core.steps.StepInterceptor.runNormalMethod(StepInterceptor.java:407)
	at net.thucydides.core.steps.StepInterceptor.testStepResult(StepInterceptor.java:192)
	at net.thucydides.core.steps.StepInterceptor.intercept(StepInterceptor.java:85)
	at net.thucydides.core.steps.ProxyConfiguration$InterceptorDispatcher.intercept(ProxyConfiguration.java:51)
	at test.alta.pages.AddScreen$ByteBuddy$j3ALTyhG.onClick(Unknown Source)
	at test.alta.pages.AddScreen.clickDivideButton(AddScreen.java:85)
	at test.alta.pages.AddScreen$ByteBuddy$j3ALTyhG.clickDivideButton$accessor$Th5kA4lo(Unknown Source)
	at java.base/jdk.internal.reflect.NativeMethodAccessorImpl.invoke0(Native Method)
	at java.base/jdk.internal.reflect.NativeMethodAccessorImpl.invoke(NativeMethodAccessorImpl.java:77)
	at java.base/jdk.internal.reflect.DelegatingMethodAccessorImpl.invoke(DelegatingMethodAccessorImpl.java:43)
	at java.base/java.lang.reflect.Method.invoke(Method.java:568)
	at net.thucydides.core.steps.StepInterceptor.invokeMethod(StepInterceptor.java:504)
	at net.thucydides.core.steps.StepInterceptor.executeTestStepMethod(StepInterceptor.java:484)
	at net.thucydides.core.steps.StepInterceptor.runTestStep(StepInterceptor.java:458)
	at net.thucydides.core.steps.StepInterceptor.runOrSkipMethod(StepInterceptor.java:210)
	at net.thucydides.core.steps.StepInterceptor.testStepResult(StepInterceptor.java:197)
	at net.thucydides.core.steps.StepInterceptor.intercept(StepInterceptor.java:85)
	at net.thucydides.core.steps.ProxyConfiguration$InterceptorDispatcher.intercept(ProxyConfiguration.java:51)
	at test.alta.pages.AddScreen$ByteBuddy$j3ALTyhG.clickDivideButton(Unknown Source)
	at test.alta.stepdefinitions.OperationSteps.clickOperatorDivideButton(OperationSteps.java:52)
	at java.base/jdk.internal.reflect.NativeMethodAccessorImpl.invoke0(Native Method)
	at java.base/jdk.internal.reflect.NativeMethodAccessorImpl.invoke(NativeMethodAccessorImpl.java:77)
	at java.base/jdk.internal.reflect.DelegatingMethodAccessorImpl.invoke(DelegatingMethodAccessorImpl.java:43)
	at java.base/java.lang.reflect.Method.invoke(Method.java:568)
	at io.cucumber.java.Invoker.doInvoke(Invoker.java:66)
	at io.cucumber.java.Invoker.invoke(Invoker.java:24)
	at io.cucumber.java.AbstractGlueDefinition.invokeMethod(AbstractGlueDefinition.java:47)
	at io.cucumber.java.JavaStepDefinition.execute(JavaStepDefinition.java:29)
	at io.cucumber.core.runner.CoreStepDefinition.execute(CoreStepDefinition.java:66)
	at io.cucumber.core.runner.PickleStepDefinitionMatch.runStep(PickleStepDefinitionMatch.java:63)
	at io.cucumber.core.runner.ExecutionMode$1.execute(ExecutionMode.java:10)
	at io.cucumber.core.runner.TestStep.executeStep(TestStep.java:92)
	at io.cucumber.core.runner.TestStep.run(TestStep.java:64)
	at io.cucumber.core.runner.PickleStepTestStep.run(PickleStepTestStep.java:51)
	at io.cucumber.core.runner.TestCase.run(TestCase.java:104)
	at io.cucumber.core.runner.Runner.runPickle(Runner.java:73)
	at io.cucumber.junit.PickleRunners$WithStepDescriptions.run(PickleRunners.java:110)
	at io.cucumber.junit.FeatureRunner.runChild(FeatureRunner.java:135)
	at io.cucumber.junit.FeatureRunner.runChild(FeatureRunner.java:27)
	at org.junit.runners.ParentRunner$4.run(ParentRunner.java:331)
	at org.junit.runners.ParentRunner$1.schedule(ParentRunner.java:79)
	at org.junit.runners.ParentRunner.runChildren(ParentRunner.java:329)
	at org.junit.runners.ParentRunner.access$100(ParentRunner.java:66)
	at org.junit.runners.ParentRunner$2.evaluate(ParentRunner.java:293)
	at org.junit.runners.ParentRunner$3.evaluate(ParentRunner.java:306)
	at org.junit.runners.ParentRunner.run(ParentRunner.java:413)
	at io.cucumber.junit.CucumberSerenityRunner.runChild(CucumberSerenityRunner.java:258)
	at io.cucumber.junit.CucumberSerenityRunner.runChild(CucumberSerenityRunner.java:57)
	at org.junit.runners.ParentRunner$4.run(ParentRunner.java:331)
	at org.junit.runners.ParentRunner$1.schedule(ParentRunner.java:79)
	at org.junit.runners.ParentRunner.runChildren(ParentRunner.java:329)
	at org.junit.runners.ParentRunner.access$100(ParentRunner.java:66)
	at org.junit.runners.ParentRunner$2.evaluate(ParentRunner.java:293)
	at io.cucumber.junit.CucumberSerenityRunner$RunCucumber.evaluate(CucumberSerenityRunner.java:286)
	at org.junit.runners.ParentRunner$3.evaluate(ParentRunner.java:306)
	at org.junit.runners.ParentRunner.run(ParentRunner.java:413)
	at org.apache.maven.surefire.junit4.JUnit4Provider.execute(JUnit4Provider.java:367)
	at org.apache.maven.surefire.junit4.JUnit4Provider.executeWithRerun(JUnit4Provider.java:274)
	at org.apache.maven.surefire.junit4.JUnit4Provider.executeTestSet(JUnit4Provider.java:238)
	at org.apache.maven.surefire.junit4.JUnit4Provider.invoke(JUnit4Provider.java:161)
	at org.apache.maven.surefire.booter.ForkedBooter.invokeProviderInSameClassLoader(ForkedBooter.java:290)
	at org.apache.maven.surefire.booter.ForkedBooter.runSuitesInProcess(ForkedBooter.java:242)
	at org.apache.maven.surefire.booter.ForkedBooter.main(ForkedBooter.java:121)
&amp#27;[0m
]]></system-out>
  </testcase>
  <testcase name="I got 0.5" classname="As a User, I want divide 2 numbers" time="0">
    <skipped/>
    <system-out><![CDATA[  &amp#27;[36mAnd &amp#27;[0m&amp#27;[36mI click button 2&amp#27;[0m                       &amp#27;[90m# test.alta.stepdefinitions.OperationSteps.clickButton2()&amp#27;[0m
]]></system-out>
  </testcase>
  <testcase name="As a User, I want divide 2 numbers" classname="As a User, I want divide 2 numbers" time="0.002">
    <error message="Expected condition failed: waiting for element to be clickable: By.xpath: //android.view.View[@content-desc=&quot; Ã· &quot;] (tried for 15 second(s) with 500 milliseconds interval)" type="org.openqa.selenium.TimeoutException">org.openqa.selenium.TimeoutException: Expected condition failed: waiting for element to be clickable: By.xpath: //android.view.View[@content-desc=" Ã· "] (tried for 15 second(s) with 500 milliseconds interval)
Caused by: org.openqa.selenium.NoSuchElementException: 
An element could not be located on the page using the given search parameters.
For documentation on this error, please visit: https://www.seleniumhq.org/exceptions/no_such_element.html
Build info: version: '3.141.59', revision: 'e82be7d358', time: '2018-11-14T08:17:03'
System info: host: 'MSI', ip: '192.168.56.1', os.name: 'Windows 10', os.arch: 'amd64', os.version: '10.0', java.version: '17.0.2'
Driver info: io.appium.java_client.android.AndroidDriver
Capabilities {app: D:\WebProgramming\Android\P..., appPackage: com.example.calculator, autoGrantPermissions: true, automationName: UiAutomator2, databaseEnabled: false, desired: {app: D:\WebProgramming\Android\P..., autoGrantPermissions: true, automationName: UiAutomator2, newCommandTimeout: 100, noReset: true, platformName: android}, deviceApiLevel: 29, deviceManufacturer: Google, deviceModel: Android SDK built for x86, deviceName: emulator-5554, deviceScreenDensity: 440, deviceScreenSize: 1080x2280, deviceUDID: emulator-5554, javascriptEnabled: true, locationContextEnabled: false, networkConnectionEnabled: true, newCommandTimeout: 100, noReset: true, pixelRatio: 2.75, platform: LINUX, platformName: Android, platformVersion: 10, statBarHeight: 135, takesScreenshot: true, viewportRect: {height: 1842, left: 0, top: 135, width: 1080}, warnings: {}, webStorageEnabled: false}
Session ID: e38487ee-1163-40d4-8755-e8966b3143be
*** Element info: {Using=xpath, value=//android.view.View[@content-desc=" Ã· "]}
</error>
    <system-out><![CDATA[  &amp#27;[36mThen &amp#27;[0m&amp#27;[36mI got 0.5&amp#27;[0m                             &amp#27;[90m# test.alta.stepdefinitions.OperationSteps.gotDivide()&amp#27;[0m
]]></system-out>
  </testcase>
  <testcase name="I am on calculator page" classname="As a User, I want to multiply 2 numbers" time="0"/>
  <testcase name="I click button 1" classname="As a User, I want to multiply 2 numbers" time="15.497"/>
  <testcase name="I click operator multiplication button" classname="As a User, I want to multiply 2 numbers" time="0.716"/>
  <testcase name="I click button 2" classname="As a User, I want to multiply 2 numbers" time="0.666"/>
  <testcase name="I got 2" classname="As a User, I want to multiply 2 numbers" time="0.003"/>
  <testcase name="As a User, I want to multiply 2 numbers" classname="As a User, I want to multiply 2 numbers" time="0.01"/>
</testsuite>