<?xml version="1.0" encoding="UTF-8" standalone="no"?><testsuite errors="0" failures="0" name="Login" skipped="0" tests="6" time="138.54" timestamp="2022-03-30 12:42:57"><testcase name="As a user i have to be able to login"/><testcase name="As a user i cannot login with wrong username"/><testcase name="As a user i cannot login with wrong password"/><testcase name="As a user i cannot login with wrong password and wrong username"/><testcase name="As a user i cannot login with null password"/><testcase name="As a user i cannot login with null username"/></testsuite>