<?xml version="1.0" encoding="UTF-8"?><testsuite errors="0" failures="1" name="account" skipped="0" tests="1" time="9.03" timestamp="2022-03-24 04:39:22"><testcase name="POST - As a user i want to create my account"><failure message="1 expectation failed.&#10;Expected status code &lt;201&gt; but was &lt;200&gt;.&#10;" type="java.lang.AssertionError">1 expectation failed.
Expected status code &lt;201&gt; but was &lt;200&gt;.
</failure><system-err>1 expectation failed.
Expected status code &lt;201&gt; but was &lt;200&gt;.
&#13;
io.restassured.internal.ResponseSpecificationImpl.validateResponseIfRequired(ResponseSpecificationImpl.groovy:674)&#13;
io.restassured.internal.ResponseSpecificationImpl.statusCode(ResponseSpecificationImpl.groovy:126)&#13;
io.restassured.internal.ResponseSpecificationImpl.statusCode(ResponseSpecificationImpl.groovy:134)&#13;
io.restassured.internal.ValidatableResponseOptionsImpl.statusCode(ValidatableResponseOptionsImpl.java:89)&#13;
io.restassured.internal.ValidatableResponseImpl.super$2$statusCode(ValidatableResponseImpl.groovy)&#13;
groovy.lang.MetaMethod.doMethodInvoke(MetaMethod.java:323)&#13;
groovy.lang.MetaClassImpl.invokeMethod(MetaClassImpl.java:1268)&#13;
io.restassured.internal.ValidatableResponseImpl.statusCode(ValidatableResponseImpl.groovy:142)&#13;
io.restassured.internal.ValidatableResponseImpl.statusCode(ValidatableResponseImpl.groovy)&#13;
starter.user.Get.validateStatusCode(Get.java:11)&#13;
starter.stepdefinitions.stepdefinition.iValidateTheStatusCodeIs(stepdefinition.java:33)&#13;
✽.I validate the status code is 201(file:///D:/PERKULIAHAN/Semester%206,Hebatt%20glad!/Altera/New%20folder/RestAssured/src/test/resources/features/user/account.feature:9)&#13;
</system-err></testcase></testsuite>