<?xml version="1.0" encoding="UTF-8"?>
<testsuite xmlns:xsi="http://www.w3.org/2001/XMLSchema-instance" xsi:noNamespaceSchemaLocation="https://maven.apache.org/surefire/maven-failsafe-plugin/xsd/failsafe-test-report-3.0.xsd" version="3.0" name="starter.cucumberTestSuite" time="22.261" tests="15" errors="0" skipped="0" failures="0">
  <properties>
[...]
</properties>
  <testcase name="Success login" classname="Login" time="3.218">
    <system-out><![CDATA[17:13:53.568 [main] INFO io.cucumber.core.plugin.SerenityReporter - Running feature from file:///D:/PERKULIAHAN/Semester%206,Hebatt%20glad!/Altera/QE_Gladys-Cindana-Asri-Pardosi/17-BDD-Cucumber/PRAKTIKUM/Qcintacucumber/src/test/resources/features/account/login.feature
17:13:54.553 [main] INFO  - 

-------------------------------------------------------------------------------------
     _______. _______ .______       _______ .__   __.  __  .___________.____    ____ 
    /       ||   ____||   _  \     |   ____||  \ |  | |  | |           |\   \  /   / 
   |   (----`|  |__   |  |_)  |    |  |__   |   \|  | |  | `---|  |----` \   \/   /  
    \   \    |   __|  |      /     |   __|  |  . `  | |  |     |  |       \_    _/   
.----)   |   |  |____ |  |\  \----.|  |____ |  |\   | |  |     |  |         |  |     
|_______/    |_______|| _| `._____||_______||__| \__| |__|     |__|         |__|    
                                                                                     
 News and tutorials at http://www.serenity-bdd.info                                  
 Documentation at https://wakaleo.gitbooks.io/the-serenity-book/content/             
 Join the Serenity Community on Gitter: https://gitter.im/serenity-bdd/serenity-core 
 Serenity BDD Support and Training at http://serenity-bdd.info/#/trainingandsupport  
-------------------------------------------------------------------------------------

17:13:54.553 [main] DEBUG net.thucydides.core.steps.StepEventBus - Test suite started for story net.thucydides.core.model.Story@aacbac6
17:13:54.561 [main] INFO  - Test Suite Started: Login
17:13:54.817 [main] INFO io.cucumber.core.plugin.SerenityReporter - Running feature from file:///D:/PERKULIAHAN/Semester%206,Hebatt%20glad!/Altera/QE_Gladys-Cindana-Asri-Pardosi/17-BDD-Cucumber/PRAKTIKUM/Qcintacucumber/src/test/resources/features/job/jobSearch.feature
17:13:54.833 [main] DEBUG net.thucydides.core.steps.StepEventBus - Test suite started for story net.thucydides.core.model.Story@d0c8ad43
17:13:54.833 [main] INFO  - Test Suite Started: Job Search
17:13:54.833 [main] INFO io.cucumber.core.plugin.SerenityReporter - Running feature from file:///D:/PERKULIAHAN/Semester%206,Hebatt%20glad!/Altera/QE_Gladys-Cindana-Asri-Pardosi/17-BDD-Cucumber/PRAKTIKUM/Qcintacucumber/src/test/resources/features/people/mynetwork.feature
17:13:54.841 [main] DEBUG net.thucydides.core.steps.StepEventBus - Test suite started for story net.thucydides.core.model.Story@a1680f1d
17:13:54.841 [main] INFO  - Test Suite Started: My network
17:13:54.841 [main] INFO io.cucumber.core.plugin.SerenityReporter - Running feature from file:///D:/PERKULIAHAN/Semester%206,Hebatt%20glad!/Altera/QE_Gladys-Cindana-Asri-Pardosi/17-BDD-Cucumber/PRAKTIKUM/Qcintacucumber/src/test/resources/features/people/search.feature
17:13:54.857 [main] DEBUG net.thucydides.core.steps.StepEventBus - Test suite started for story net.thucydides.core.model.Story@fa101788
17:13:54.857 [main] INFO  - Test Suite Started: Search
17:13:54.857 [main] INFO io.cucumber.core.plugin.SerenityReporter - Running feature from file:///D:/PERKULIAHAN/Semester%206,Hebatt%20glad!/Altera/QE_Gladys-Cindana-Asri-Pardosi/17-BDD-Cucumber/PRAKTIKUM/Qcintacucumber/src/test/resources/features/account/login.feature
17:13:54.865 [main] DEBUG net.thucydides.core.steps.StepEventBus - Test suite started for story net.thucydides.core.model.Story@aacbac6
17:13:54.865 [main] INFO  - Test Suite Started: Login

Scenario: Success login                          &amp#27;[90m# src/test/resources/features/account/login.feature:6&amp#27;[0m
17:13:55.307 [main] INFO io.cucumber.core.plugin.SerenityReporter - Running feature from file:///D:/PERKULIAHAN/Semester%206,Hebatt%20glad!/Altera/QE_Gladys-Cindana-Asri-Pardosi/17-BDD-Cucumber/PRAKTIKUM/Qcintacucumber/src/test/resources/features/account/login.feature
17:13:56.798 [main] INFO  - 
  _____   ___   ___   _____     ___   _____     _     ___   _____   ___   ___  
 |_   _| | __| / __| |_   _|   / __| |_   _|   /_\   | _ \ |_   _| | __| |   \ 
   | |   | _|  \__ \   | |     \__ \   | |    / _ \  |   /   | |   | _|  | |) |
   |_|   |___| |___/   |_|     |___/   |_|   /_/ \_\ |_|_\   |_|   |___| |___/ 

Success login(login;success-login)
--------------------------------------------------------------------------------
I am in login page
  &amp#27;[32mGiven &amp#27;[0m&amp#27;[32mI go to login page&amp#27;[0m                       &amp#27;[90m# starter.account.loginStep.iGoToLoginPage()&amp#27;[0m
input username
input password
  &amp#27;[32mWhen &amp#27;[0m&amp#27;[32mI input valid username and valid password&amp#27;[0m &amp#27;[90m# starter.account.loginStep.iInputValidUsernameAndValidPassword()&amp#27;[0m
click login button
  &amp#27;[32mAnd &amp#27;[0m&amp#27;[32mclick login button&amp#27;[0m                         &amp#27;[90m# starter.account.loginStep.click_login_button()&amp#27;[0m
I am in homepage
  &amp#27;[32mThen &amp#27;[0m&amp#27;[32mI go to homepage&amp#27;[0m                          &amp#27;[90m# starter.account.loginStep.i_go_to_homepage()&amp#27;[0m
17:13:58.075 [main] INFO  - 
  _____   ___   ___   _____     ___     _     ___   ___   ___   ___  
 |_   _| | __| / __| |_   _|   | _ \   /_\   / __| / __| | __| |   \ 
   | |   | _|  \__ \   | |     |  _/  / _ \  \__ \ \__ \ | _|  | |) |
   |_|   |___| |___/   |_|     |_|   /_/ \_\ |___/ |___/ |___| |___/ 

Success login
----------------------------------------------------------------------
]]></system-out>
  </testcase>
  <testcase name="Failed Login with null username and valid password" classname="Login" time="0.099">
    <system-out><![CDATA[
Scenario: Failed Login with null username and valid password &amp#27;[90m# src/test/resources/features/account/login.feature:12&amp#27;[0m
17:13:58.119 [main] INFO io.cucumber.core.plugin.SerenityReporter - Running feature from file:///D:/PERKULIAHAN/Semester%206,Hebatt%20glad!/Altera/QE_Gladys-Cindana-Asri-Pardosi/17-BDD-Cucumber/PRAKTIKUM/Qcintacucumber/src/test/resources/features/account/login.feature
17:13:58.138 [main] INFO  - 
  _____   ___   ___   _____     ___   _____     _     ___   _____   ___   ___  
 |_   _| | __| / __| |_   _|   / __| |_   _|   /_\   | _ \ |_   _| | __| |   \ 
   | |   | _|  \__ \   | |     \__ \   | |    / _ \  |   /   | |   | _|  | |) |
   |_|   |___| |___/   |_|     |___/   |_|   /_/ \_\ |_|_\   |_|   |___| |___/ 

Failed Login with null username and valid password(login;failed-login-with-null-username-and-valid-password)
--------------------------------------------------------------------------------
I am in login page
  &amp#27;[32mGiven &amp#27;[0m&amp#27;[32mI go to login page&amp#27;[0m                                   &amp#27;[90m# starter.account.loginStep.iGoToLoginPage()&amp#27;[0m
null username
  &amp#27;[32mWhen &amp#27;[0m&amp#27;[32mI input null username and valid password&amp#27;[0m              &amp#27;[90m# starter.account.loginStep.i_input_null_username_and_valid_password()&amp#27;[0m
click login button
  &amp#27;[32mAnd &amp#27;[0m&amp#27;[32mclick login button&amp#27;[0m                                     &amp#27;[90m# starter.account.loginStep.click_login_button()&amp#27;[0m
Masukkan alamat email atau nomor telepon Anda
  &amp#27;[32mThen &amp#27;[0m&amp#27;[32mI will get error message null username&amp#27;[0m                &amp#27;[90m# starter.account.loginStep.iWillGetErrorMessageNullUsername()&amp#27;[0m
17:13:58.190 [main] INFO  - 
  _____   ___   ___   _____     ___     _     ___   ___   ___   ___  
 |_   _| | __| / __| |_   _|   | _ \   /_\   / __| / __| | __| |   \ 
   | |   | _|  \__ \   | |     |  _/  / _ \  \__ \ \__ \ | _|  | |) |
   |_|   |___| |___/   |_|     |_|   /_/ \_\ |___/ |___/ |___| |___/ 

Failed Login with null username and valid password
----------------------------------------------------------------------
]]></system-out>
  </testcase>
  <testcase name="Failed Login with valid username and null password" classname="Login" time="0.088">
    <system-out><![CDATA[
Scenario: Failed Login with valid username and null password &amp#27;[90m# src/test/resources/features/account/login.feature:18&amp#27;[0m
17:13:58.214 [main] INFO io.cucumber.core.plugin.SerenityReporter - Running feature from file:///D:/PERKULIAHAN/Semester%206,Hebatt%20glad!/Altera/QE_Gladys-Cindana-Asri-Pardosi/17-BDD-Cucumber/PRAKTIKUM/Qcintacucumber/src/test/resources/features/account/login.feature
17:13:58.222 [main] INFO  - 
  _____   ___   ___   _____     ___   _____     _     ___   _____   ___   ___  
 |_   _| | __| / __| |_   _|   / __| |_   _|   /_\   | _ \ |_   _| | __| |   \ 
   | |   | _|  \__ \   | |     \__ \   | |    / _ \  |   /   | |   | _|  | |) |
   |_|   |___| |___/   |_|     |___/   |_|   /_/ \_\ |_|_\   |_|   |___| |___/ 

Failed Login with valid username and null password(login;failed-login-with-valid-username-and-null-password)
--------------------------------------------------------------------------------
I am in login page
  &amp#27;[32mGiven &amp#27;[0m&amp#27;[32mI go to login page&amp#27;[0m                                   &amp#27;[90m# starter.account.loginStep.iGoToLoginPage()&amp#27;[0m
null password
  &amp#27;[32mWhen &amp#27;[0m&amp#27;[32mI input valid username and null password&amp#27;[0m              &amp#27;[90m# starter.account.loginStep.iInputValidUsernameAndNullPassword()&amp#27;[0m
click login button
  &amp#27;[32mAnd &amp#27;[0m&amp#27;[32mclick login button&amp#27;[0m                                     &amp#27;[90m# starter.account.loginStep.click_login_button()&amp#27;[0m
Masukkan password anda
  &amp#27;[32mThen &amp#27;[0m&amp#27;[32mI will get error message null password&amp#27;[0m                &amp#27;[90m# starter.account.loginStep.iWillGetErrorMessageNullPassword()&amp#27;[0m
17:13:58.278 [main] INFO  - 
  _____   ___   ___   _____     ___     _     ___   ___   ___   ___  
 |_   _| | __| / __| |_   _|   | _ \   /_\   / __| / __| | __| |   \ 
   | |   | _|  \__ \   | |     |  _/  / _ \  \__ \ \__ \ | _|  | |) |
   |_|   |___| |___/   |_|     |_|   /_/ \_\ |___/ |___/ |___| |___/ 

Failed Login with valid username and null password
----------------------------------------------------------------------
]]></system-out>
  </testcase>
  <testcase name="Failed Login with valid username and invalid password" classname="Login" time="0.08">
    <system-out><![CDATA[
Scenario: Failed Login with valid username and invalid password &amp#27;[90m# src/test/resources/features/account/login.feature:24&amp#27;[0m
17:13:58.302 [main] INFO io.cucumber.core.plugin.SerenityReporter - Running feature from file:///D:/PERKULIAHAN/Semester%206,Hebatt%20glad!/Altera/QE_Gladys-Cindana-Asri-Pardosi/17-BDD-Cucumber/PRAKTIKUM/Qcintacucumber/src/test/resources/features/account/login.feature
17:13:58.318 [main] INFO  - 
  _____   ___   ___   _____     ___   _____     _     ___   _____   ___   ___  
 |_   _| | __| / __| |_   _|   / __| |_   _|   /_\   | _ \ |_   _| | __| |   \ 
   | |   | _|  \__ \   | |     \__ \   | |    / _ \  |   /   | |   | _|  | |) |
   |_|   |___| |___/   |_|     |___/   |_|   /_/ \_\ |_|_\   |_|   |___| |___/ 

Failed Login with valid username and invalid password(login;failed-login-with-valid-username-and-invalid-password)
--------------------------------------------------------------------------------
I am in login page
  &amp#27;[32mGiven &amp#27;[0m&amp#27;[32mI go to login page&amp#27;[0m                                      &amp#27;[90m# starter.account.loginStep.iGoToLoginPage()&amp#27;[0m
invalid password
  &amp#27;[32mWhen &amp#27;[0m&amp#27;[32mI input valid username and invalid password&amp#27;[0m              &amp#27;[90m# starter.account.loginStep.iInputValidUsernameAndInvalidPassword()&amp#27;[0m
click login button
  &amp#27;[32mAnd &amp#27;[0m&amp#27;[32mclick login button&amp#27;[0m                                        &amp#27;[90m# starter.account.loginStep.click_login_button()&amp#27;[0m
Kata sandi yang Anda masukkan salah. Coba lagi 
  &amp#27;[32mThen &amp#27;[0m&amp#27;[32mI will get error message invalid password&amp#27;[0m                &amp#27;[90m# starter.account.loginStep.iWillGetErrorMessageInvalidPassword()&amp#27;[0m
17:13:58.366 [main] INFO  - 
  _____   ___   ___   _____     ___     _     ___   ___   ___   ___  
 |_   _| | __| / __| |_   _|   | _ \   /_\   / __| / __| | __| |   \ 
   | |   | _|  \__ \   | |     |  _/  / _ \  \__ \ \__ \ | _|  | |) |
   |_|   |___| |___/   |_|     |_|   /_/ \_\ |___/ |___/ |___| |___/ 

Failed Login with valid username and invalid password
----------------------------------------------------------------------
]]></system-out>
  </testcase>
  <testcase name="Failed Login with invalid username and valid password" classname="Login" time="0.08">
    <system-out><![CDATA[
Scenario: Failed Login with invalid username and valid password &amp#27;[90m# src/test/resources/features/account/login.feature:30&amp#27;[0m
17:13:58.382 [main] INFO io.cucumber.core.plugin.SerenityReporter - Running feature from file:///D:/PERKULIAHAN/Semester%206,Hebatt%20glad!/Altera/QE_Gladys-Cindana-Asri-Pardosi/17-BDD-Cucumber/PRAKTIKUM/Qcintacucumber/src/test/resources/features/account/login.feature
17:13:58.390 [main] INFO  - 
  _____   ___   ___   _____     ___   _____     _     ___   _____   ___   ___  
 |_   _| | __| / __| |_   _|   / __| |_   _|   /_\   | _ \ |_   _| | __| |   \ 
   | |   | _|  \__ \   | |     \__ \   | |    / _ \  |   /   | |   | _|  | |) |
   |_|   |___| |___/   |_|     |___/   |_|   /_/ \_\ |_|_\   |_|   |___| |___/ 

Failed Login with invalid username and valid password(login;failed-login-with-invalid-username-and-valid-password)
--------------------------------------------------------------------------------
I am in login page
  &amp#27;[32mGiven &amp#27;[0m&amp#27;[32mI go to login page&amp#27;[0m                                      &amp#27;[90m# starter.account.loginStep.iGoToLoginPage()&amp#27;[0m
invalid username
  &amp#27;[32mWhen &amp#27;[0m&amp#27;[32mI input invalid username and valid password&amp#27;[0m              &amp#27;[90m# starter.account.loginStep.iInputInvalidUsernameAndValidPassword()&amp#27;[0m
click login button
  &amp#27;[32mAnd &amp#27;[0m&amp#27;[32mclick login button&amp#27;[0m                                        &amp#27;[90m# starter.account.loginStep.click_login_button()&amp#27;[0m
Tidak dapat menemukan akun LinkedIn yang dikaitkan dengan alamat email ini. Silakan coba lagi. 
  &amp#27;[32mThen &amp#27;[0m&amp#27;[32mI will get error message invalid username&amp#27;[0m                &amp#27;[90m# starter.account.loginStep.iWillGetErrorMessageInvalidUsername()&amp#27;[0m
17:13:58.438 [main] INFO  - 
  _____   ___   ___   _____     ___     _     ___   ___   ___   ___  
 |_   _| | __| / __| |_   _|   | _ \   /_\   / __| / __| | __| |   \ 
   | |   | _|  \__ \   | |     |  _/  / _ \  \__ \ \__ \ | _|  | |) |
   |_|   |___| |___/   |_|     |_|   /_/ \_\ |___/ |___/ |___| |___/ 

Failed Login with invalid username and valid password
----------------------------------------------------------------------
]]></system-out>
  </testcase>
  <testcase name="Failed Login with invalid username and invalid password" classname="Login" time="0.064">
    <system-out><![CDATA[
Scenario: Failed Login with invalid username and invalid password     &amp#27;[90m# src/test/resources/features/account/login.feature:36&amp#27;[0m
17:13:58.462 [main] INFO io.cucumber.core.plugin.SerenityReporter - Running feature from file:///D:/PERKULIAHAN/Semester%206,Hebatt%20glad!/Altera/QE_Gladys-Cindana-Asri-Pardosi/17-BDD-Cucumber/PRAKTIKUM/Qcintacucumber/src/test/resources/features/account/login.feature
17:13:58.462 [main] INFO  - 
  _____   ___   ___   _____     ___   _____     _     ___   _____   ___   ___  
 |_   _| | __| / __| |_   _|   / __| |_   _|   /_\   | _ \ |_   _| | __| |   \ 
   | |   | _|  \__ \   | |     \__ \   | |    / _ \  |   /   | |   | _|  | |) |
   |_|   |___| |___/   |_|     |___/   |_|   /_/ \_\ |_|_\   |_|   |___| |___/ 

Failed Login with invalid username and invalid password(login;failed-login-with-invalid-username-and-invalid-password)
--------------------------------------------------------------------------------
I am in login page
  &amp#27;[32mGiven &amp#27;[0m&amp#27;[32mI go to login page&amp#27;[0m                                            &amp#27;[90m# starter.account.loginStep.iGoToLoginPage()&amp#27;[0m
invalid username and invalid password
  &amp#27;[32mWhen &amp#27;[0m&amp#27;[32mI input invalid username and invalid password&amp#27;[0m                  &amp#27;[90m# starter.account.loginStep.iInputInvalidUsernameAndInvalidPassword()&amp#27;[0m
click login button
  &amp#27;[32mAnd &amp#27;[0m&amp#27;[32mclick login button&amp#27;[0m                                              &amp#27;[90m# starter.account.loginStep.click_login_button()&amp#27;[0m
Tidak dapat menemukan akun LinkedIn yang dikaitkan dengan alamat email ini. Silakan coba lagi.
  &amp#27;[32mThen &amp#27;[0m&amp#27;[32mI will get error message invalid username and invalid password&amp#27;[0m &amp#27;[90m# starter.account.loginStep.iWillGetErrorMessageInvalidUsernameAndInvalidPassword()&amp#27;[0m
17:13:58.510 [main] INFO  - 
  _____   ___   ___   _____     ___     _     ___   ___   ___   ___  
 |_   _| | __| / __| |_   _|   | _ \   /_\   / __| / __| | __| |   \ 
   | |   | _|  \__ \   | |     |  _/  / _ \  \__ \ \__ \ | _|  | |) |
   |_|   |___| |___/   |_|     |_|   /_/ \_\ |___/ |___/ |___| |___/ 

Failed Login with invalid username and invalid password
----------------------------------------------------------------------
]]></system-out>
  </testcase>
  <testcase name="Success search job by title" classname="Job Search" time="0.072">
    <system-out><![CDATA[17:13:58.510 [main] INFO io.cucumber.core.plugin.SerenityReporter - Running feature from file:///D:/PERKULIAHAN/Semester%206,Hebatt%20glad!/Altera/QE_Gladys-Cindana-Asri-Pardosi/17-BDD-Cucumber/PRAKTIKUM/Qcintacucumber/src/test/resources/features/job/jobSearch.feature
17:13:58.518 [main] DEBUG net.thucydides.core.steps.StepEventBus - Test suite started for story net.thucydides.core.model.Story@d0c8ad43
17:13:58.518 [main] INFO  - Test Suite Started: Job Search

Scenario: Success search job by title                    &amp#27;[90m# src/test/resources/features/job/jobSearch.feature:6&amp#27;[0m
17:13:58.534 [main] INFO io.cucumber.core.plugin.SerenityReporter - Running feature from file:///D:/PERKULIAHAN/Semester%206,Hebatt%20glad!/Altera/QE_Gladys-Cindana-Asri-Pardosi/17-BDD-Cucumber/PRAKTIKUM/Qcintacucumber/src/test/resources/features/job/jobSearch.feature
17:13:58.542 [main] INFO  - 
  _____   ___   ___   _____     ___   _____     _     ___   _____   ___   ___  
 |_   _| | __| / __| |_   _|   / __| |_   _|   /_\   | _ \ |_   _| | __| |   \ 
   | |   | _|  \__ \   | |     \__ \   | |    / _ \  |   /   | |   | _|  | |) |
   |_|   |___| |___/   |_|     |___/   |_|   /_/ \_\ |_|_\   |_|   |___| |___/ 

Success search job by title(job-search;success-search-job-by-title)
--------------------------------------------------------------------------------
Job search button
  &amp#27;[32mGiven &amp#27;[0m&amp#27;[32mI go to button job search&amp#27;[0m                        &amp#27;[90m# starter.job.jobStep.iGoToButtonJobSearch()&amp#27;[0m
input job title
  &amp#27;[32mWhen &amp#27;[0m&amp#27;[32mI input job title on button search job title&amp#27;[0m      &amp#27;[90m# starter.job.jobStep.iInputJobTitleOnButtonSearchJobTitle()&amp#27;[0m
click job
  &amp#27;[32mAnd &amp#27;[0m&amp#27;[32mClick the job on button search&amp#27;[0m                     &amp#27;[90m# starter.job.jobStep.clickTheJobOnButtonSearch()&amp#27;[0m
get list of job
  &amp#27;[32mThen &amp#27;[0m&amp#27;[32mi can see list of job based on title that i input&amp#27;[0m &amp#27;[90m# starter.job.jobStep.iCanSeeListOfJobBasedOnTitleThatIInput()&amp#27;[0m
17:13:58.598 [main] INFO  - 
  _____   ___   ___   _____     ___     _     ___   ___   ___   ___  
 |_   _| | __| / __| |_   _|   | _ \   /_\   / __| / __| | __| |   \ 
   | |   | _|  \__ \   | |     |  _/  / _ \  \__ \ \__ \ | _|  | |) |
   |_|   |___| |___/   |_|     |_|   /_/ \_\ |___/ |___/ |___| |___/ 

Success search job by title
----------------------------------------------------------------------
]]></system-out>
  </testcase>
  <testcase name="Success search job by city" classname="Job Search" time="0.072">
    <system-out><![CDATA[
Scenario: Success search job by city                      &amp#27;[90m# src/test/resources/features/job/jobSearch.feature:12&amp#27;[0m
17:13:58.630 [main] INFO io.cucumber.core.plugin.SerenityReporter - Running feature from file:///D:/PERKULIAHAN/Semester%206,Hebatt%20glad!/Altera/QE_Gladys-Cindana-Asri-Pardosi/17-BDD-Cucumber/PRAKTIKUM/Qcintacucumber/src/test/resources/features/job/jobSearch.feature
17:13:58.630 [main] INFO  - 
  _____   ___   ___   _____     ___   _____     _     ___   _____   ___   ___  
 |_   _| | __| / __| |_   _|   / __| |_   _|   /_\   | _ \ |_   _| | __| |   \ 
   | |   | _|  \__ \   | |     \__ \   | |    / _ \  |   /   | |   | _|  | |) |
   |_|   |___| |___/   |_|     |___/   |_|   /_/ \_\ |_|_\   |_|   |___| |___/ 

Success search job by city(job-search;success-search-job-by-city)
--------------------------------------------------------------------------------
Job search button
  &amp#27;[32mGiven &amp#27;[0m&amp#27;[32mI go to button job search&amp#27;[0m                         &amp#27;[90m# starter.job.jobStep.iGoToButtonJobSearch()&amp#27;[0m
input city name
  &amp#27;[32mWhen &amp#27;[0m&amp#27;[32mI input the city name on button search job by city&amp#27;[0m &amp#27;[90m# starter.job.jobStep.iInputTheCityNameOnButtonSearchJobByCity()&amp#27;[0m
click city that i input
  &amp#27;[32mAnd &amp#27;[0m&amp#27;[32mClick the city on button search&amp#27;[0m                     &amp#27;[90m# starter.job.jobStep.clickTheCityOnButtonSearch()&amp#27;[0m
get list of job that i input
  &amp#27;[32mThen &amp#27;[0m&amp#27;[32mi can see list of job based on city that i input&amp#27;[0m   &amp#27;[90m# starter.job.jobStep.iCanSeeListOfJobBasedOnCityThatIInput()&amp#27;[0m
17:13:58.678 [main] INFO  - 
  _____   ___   ___   _____     ___     _     ___   ___   ___   ___  
 |_   _| | __| / __| |_   _|   | _ \   /_\   / __| / __| | __| |   \ 
   | |   | _|  \__ \   | |     |  _/  / _ \  \__ \ \__ \ | _|  | |) |
   |_|   |___| |___/   |_|     |_|   /_/ \_\ |___/ |___/ |___| |___/ 

Success search job by city
----------------------------------------------------------------------
]]></system-out>
  </testcase>
  <testcase name="Success search job by city and title" classname="Job Search" time="0.064">
    <system-out><![CDATA[
Scenario: Success search job by city and title                               &amp#27;[90m# src/test/resources/features/job/jobSearch.feature:18&amp#27;[0m
17:13:58.694 [main] INFO io.cucumber.core.plugin.SerenityReporter - Running feature from file:///D:/PERKULIAHAN/Semester%206,Hebatt%20glad!/Altera/QE_Gladys-Cindana-Asri-Pardosi/17-BDD-Cucumber/PRAKTIKUM/Qcintacucumber/src/test/resources/features/job/jobSearch.feature
17:13:58.702 [main] INFO  - 
  _____   ___   ___   _____     ___   _____     _     ___   _____   ___   ___  
 |_   _| | __| / __| |_   _|   / __| |_   _|   /_\   | _ \ |_   _| | __| |   \ 
   | |   | _|  \__ \   | |     \__ \   | |    / _ \  |   /   | |   | _|  | |) |
   |_|   |___| |___/   |_|     |___/   |_|   /_/ \_\ |_|_\   |_|   |___| |___/ 

Success search job by city and title(job-search;success-search-job-by-city-and-title)
--------------------------------------------------------------------------------
Job search button
  &amp#27;[32mGiven &amp#27;[0m&amp#27;[32mI go to button job search&amp#27;[0m                                            &amp#27;[90m# starter.job.jobStep.iGoToButtonJobSearch()&amp#27;[0m
input job title and city
  &amp#27;[32mWhen &amp#27;[0m&amp#27;[32mI input job title and job city of job&amp#27;[0m                                 &amp#27;[90m# starter.job.jobStep.iInputJobTitleAndJobCityOfJob()&amp#27;[0m
tap enter
  &amp#27;[32mAnd &amp#27;[0m&amp#27;[32mtab enter&amp#27;[0m                                                              &amp#27;[90m# starter.job.jobStep.tabEnter()&amp#27;[0m
get list job based on the title and city that i want
  &amp#27;[32mThen &amp#27;[0m&amp#27;[32mI can see the list of job based on job city and job title that i want&amp#27;[0m &amp#27;[90m# starter.job.jobStep.iCanSeeTheListOfJobBasedOnJobCityAndJobTitleThatIWant()&amp#27;[0m
17:13:58.742 [main] INFO  - 
  _____   ___   ___   _____     ___     _     ___   ___   ___   ___  
 |_   _| | __| / __| |_   _|   | _ \   /_\   / __| / __| | __| |   \ 
   | |   | _|  \__ \   | |     |  _/  / _ \  \__ \ \__ \ | _|  | |) |
   |_|   |___| |___/   |_|     |_|   /_/ \_\ |___/ |___/ |___| |___/ 

Success search job by city and title
----------------------------------------------------------------------
]]></system-out>
  </testcase>
  <testcase name="Success search job by history" classname="Job Search" time="0.056">
    <system-out><![CDATA[
Scenario: Success search job by history                             &amp#27;[90m# src/test/resources/features/job/jobSearch.feature:24&amp#27;[0m
17:13:58.758 [main] INFO io.cucumber.core.plugin.SerenityReporter - Running feature from file:///D:/PERKULIAHAN/Semester%206,Hebatt%20glad!/Altera/QE_Gladys-Cindana-Asri-Pardosi/17-BDD-Cucumber/PRAKTIKUM/Qcintacucumber/src/test/resources/features/job/jobSearch.feature
17:13:58.758 [main] INFO  - 
  _____   ___   ___   _____     ___   _____     _     ___   _____   ___   ___  
 |_   _| | __| / __| |_   _|   / __| |_   _|   /_\   | _ \ |_   _| | __| |   \ 
   | |   | _|  \__ \   | |     \__ \   | |    / _ \  |   /   | |   | _|  | |) |
   |_|   |___| |___/   |_|     |___/   |_|   /_/ \_\ |_|_\   |_|   |___| |___/ 

Success search job by history(job-search;success-search-job-by-history)
--------------------------------------------------------------------------------
Job search button
  &amp#27;[32mGiven &amp#27;[0m&amp#27;[32mI go to button job search&amp#27;[0m                                   &amp#27;[90m# starter.job.jobStep.iGoToButtonJobSearch()&amp#27;[0m
click job in tab history
  &amp#27;[32mWhen &amp#27;[0m&amp#27;[32mI click the job which in history tab&amp#27;[0m                         &amp#27;[90m# starter.job.jobStep.iClickTheJobWhichInHistoryTab()&amp#27;[0m
get list of job based on the history that i choose
  &amp#27;[32mThen &amp#27;[0m&amp#27;[32mI can see the list of job based on the history that i choose&amp#27;[0m &amp#27;[90m# starter.job.jobStep.iCanSeeTheListOfJobBasedOnTheHistoryThatIChoose()&amp#27;[0m
17:13:58.798 [main] INFO  - 
  _____   ___   ___   _____     ___     _     ___   ___   ___   ___  
 |_   _| | __| / __| |_   _|   | _ \   /_\   / __| / __| | __| |   \ 
   | |   | _|  \__ \   | |     |  _/  / _ \  \__ \ \__ \ | _|  | |) |
   |_|   |___| |___/   |_|     |_|   /_/ \_\ |___/ |___/ |___| |___/ 

Success search job by history
----------------------------------------------------------------------
]]></system-out>
  </testcase>
  <testcase name="see account profile that just connected with me" classname="My network" time="0.064">
    <system-out><![CDATA[17:13:58.798 [main] INFO io.cucumber.core.plugin.SerenityReporter - Running feature from file:///D:/PERKULIAHAN/Semester%206,Hebatt%20glad!/Altera/QE_Gladys-Cindana-Asri-Pardosi/17-BDD-Cucumber/PRAKTIKUM/Qcintacucumber/src/test/resources/features/people/mynetwork.feature
17:13:58.806 [main] DEBUG net.thucydides.core.steps.StepEventBus - Test suite started for story net.thucydides.core.model.Story@a1680f1d
17:13:58.806 [main] INFO  - Test Suite Started: My network

Scenario: see account profile that just connected with me     &amp#27;[90m# src/test/resources/features/people/mynetwork.feature:6&amp#27;[0m
17:13:58.822 [main] INFO io.cucumber.core.plugin.SerenityReporter - Running feature from file:///D:/PERKULIAHAN/Semester%206,Hebatt%20glad!/Altera/QE_Gladys-Cindana-Asri-Pardosi/17-BDD-Cucumber/PRAKTIKUM/Qcintacucumber/src/test/resources/features/people/mynetwork.feature
17:13:58.822 [main] INFO  - 
  _____   ___   ___   _____     ___   _____     _     ___   _____   ___   ___  
 |_   _| | __| / __| |_   _|   / __| |_   _|   /_\   | _ \ |_   _| | __| |   \ 
   | |   | _|  \__ \   | |     \__ \   | |    / _ \  |   /   | |   | _|  | |) |
   |_|   |___| |___/   |_|     |___/   |_|   /_/ \_\ |_|_\   |_|   |___| |___/ 

see account profile that just connected with me(my-network;see-account-profile-that-just-connected-with-me)
--------------------------------------------------------------------------------
button network
  &amp#27;[32mGiven &amp#27;[0m&amp#27;[32mI go to button my network&amp#27;[0m                             &amp#27;[90m# starter.people.networkStep.iGoToButtonMyNetwork()&amp#27;[0m
accept
  &amp#27;[32mWhen &amp#27;[0m&amp#27;[32mI click accept&amp#27;[0m                                         &amp#27;[90m# starter.people.networkStep.iClickAccept()&amp#27;[0m
click profile
  &amp#27;[32mAnd &amp#27;[0m&amp#27;[32mI click the account profile that just connected with me&amp#27;[0m &amp#27;[90m# starter.people.networkStep.iClickTheAccountProfileThatJustConnectedWithMe()&amp#27;[0m
see detail profile
  &amp#27;[32mThen &amp#27;[0m&amp#27;[32mI see the account profile that just connected with me&amp#27;[0m  &amp#27;[90m# starter.people.networkStep.iSeeTheAccountProfileThatJustConnectedWithMe()&amp#27;[0m
17:13:58.862 [main] INFO  - 
  _____   ___   ___   _____     ___     _     ___   ___   ___   ___  
 |_   _| | __| / __| |_   _|   | _ \   /_\   / __| / __| | __| |   \ 
   | |   | _|  \__ \   | |     |  _/  / _ \  \__ \ \__ \ | _|  | |) |
   |_|   |___| |___/   |_|     |_|   /_/ \_\ |___/ |___/ |___| |___/ 

see account profile that just connected with me
----------------------------------------------------------------------
]]></system-out>
  </testcase>
  <testcase name="see account that i ignored" classname="My network" time="0.064">
    <system-out><![CDATA[
Scenario: see account that i ignored                      &amp#27;[90m# src/test/resources/features/people/mynetwork.feature:12&amp#27;[0m
17:13:58.886 [main] INFO io.cucumber.core.plugin.SerenityReporter - Running feature from file:///D:/PERKULIAHAN/Semester%206,Hebatt%20glad!/Altera/QE_Gladys-Cindana-Asri-Pardosi/17-BDD-Cucumber/PRAKTIKUM/Qcintacucumber/src/test/resources/features/people/mynetwork.feature
17:13:58.886 [main] INFO  - 
  _____   ___   ___   _____     ___   _____     _     ___   _____   ___   ___  
 |_   _| | __| / __| |_   _|   / __| |_   _|   /_\   | _ \ |_   _| | __| |   \ 
   | |   | _|  \__ \   | |     \__ \   | |    / _ \  |   /   | |   | _|  | |) |
   |_|   |___| |___/   |_|     |___/   |_|   /_/ \_\ |_|_\   |_|   |___| |___/ 

see account that i ignored(my-network;see-account-that-i-ignored)
--------------------------------------------------------------------------------
button network
  &amp#27;[32mGiven &amp#27;[0m&amp#27;[32mI go to button my network&amp#27;[0m                         &amp#27;[90m# starter.people.networkStep.iGoToButtonMyNetwork()&amp#27;[0m
click ignore
  &amp#27;[32mWhen &amp#27;[0m&amp#27;[32mI click ignore&amp#27;[0m                                     &amp#27;[90m# starter.people.networkStep.iClickIgnore()&amp#27;[0m
click profile
  &amp#27;[32mAnd &amp#27;[0m&amp#27;[32mI click the account profile that just ignored by me&amp#27;[0m &amp#27;[90m# starter.people.networkStep.iClickTheAccountProfileThatJustIgnoredByMe()&amp#27;[0m
see detail profile
  &amp#27;[32mThen &amp#27;[0m&amp#27;[32mi see the account profile that just ignored by me&amp#27;[0m  &amp#27;[90m# starter.people.networkStep.iSeeTheAccountProfileThatJustIgnoredByMe()&amp#27;[0m
17:13:58.934 [main] INFO  - 
  _____   ___   ___   _____     ___     _     ___   ___   ___   ___  
 |_   _| | __| / __| |_   _|   | _ \   /_\   / __| / __| | __| |   \ 
   | |   | _|  \__ \   | |     |  _/  / _ \  \__ \ \__ \ | _|  | |) |
   |_|   |___| |___/   |_|     |_|   /_/ \_\ |___/ |___/ |___| |___/ 

see account that i ignored
----------------------------------------------------------------------
]]></system-out>
  </testcase>
  <testcase name="Success Search a profile" classname="Search" time="0.048">
    <system-out><![CDATA[17:13:58.934 [main] INFO io.cucumber.core.plugin.SerenityReporter - Running feature from file:///D:/PERKULIAHAN/Semester%206,Hebatt%20glad!/Altera/QE_Gladys-Cindana-Asri-Pardosi/17-BDD-Cucumber/PRAKTIKUM/Qcintacucumber/src/test/resources/features/people/search.feature
17:13:58.942 [main] DEBUG net.thucydides.core.steps.StepEventBus - Test suite started for story net.thucydides.core.model.Story@fa101788
17:13:58.942 [main] INFO  - Test Suite Started: Search

Scenario: Success Search a profile      &amp#27;[90m# src/test/resources/features/people/search.feature:6&amp#27;[0m
17:13:58.958 [main] INFO io.cucumber.core.plugin.SerenityReporter - Running feature from file:///D:/PERKULIAHAN/Semester%206,Hebatt%20glad!/Altera/QE_Gladys-Cindana-Asri-Pardosi/17-BDD-Cucumber/PRAKTIKUM/Qcintacucumber/src/test/resources/features/people/search.feature
17:13:58.966 [main] INFO  - 
  _____   ___   ___   _____     ___   _____     _     ___   _____   ___   ___  
 |_   _| | __| / __| |_   _|   / __| |_   _|   /_\   | _ \ |_   _| | __| |   \ 
   | |   | _|  \__ \   | |     \__ \   | |    / _ \  |   /   | |   | _|  | |) |
   |_|   |___| |___/   |_|     |___/   |_|   /_/ \_\ |_|_\   |_|   |___| |___/ 

Success Search a profile(search;success-search-a-profile)
--------------------------------------------------------------------------------
On button search
  &amp#27;[32mGiven &amp#27;[0m&amp#27;[32mI go to button search&amp#27;[0m           &amp#27;[90m# starter.people.searchStep.iGoToButtonSearch()&amp#27;[0m
Input username
  &amp#27;[32mWhen &amp#27;[0m&amp#27;[32mI input a username&amp#27;[0m               &amp#27;[90m# starter.people.searchStep.iInputAUsername()&amp#27;[0m
click username
  &amp#27;[32mAnd &amp#27;[0m&amp#27;[32mclick username that i want to see&amp#27;[0m &amp#27;[90m# starter.people.searchStep.clickUsernameThatIWantToSee()&amp#27;[0m
I see the profile
  &amp#27;[32mThen &amp#27;[0m&amp#27;[32mI see the profile&amp#27;[0m                &amp#27;[90m# starter.people.searchStep.iSeeTheProfile()&amp#27;[0m
17:13:58.998 [main] INFO  - 
  _____   ___   ___   _____     ___     _     ___   ___   ___   ___  
 |_   _| | __| / __| |_   _|   | _ \   /_\   / __| / __| | __| |   \ 
   | |   | _|  \__ \   | |     |  _/  / _ \  \__ \ \__ \ | _|  | |) |
   |_|   |___| |___/   |_|     |_|   /_/ \_\ |___/ |___/ |___| |___/ 

Success Search a profile
----------------------------------------------------------------------
]]></system-out>
  </testcase>
  <testcase name="Success clear history" classname="Search" time="0.056">
    <system-out><![CDATA[
Scenario: Success clear history                      &amp#27;[90m# src/test/resources/features/people/search.feature:12&amp#27;[0m
17:13:59.014 [main] INFO io.cucumber.core.plugin.SerenityReporter - Running feature from file:///D:/PERKULIAHAN/Semester%206,Hebatt%20glad!/Altera/QE_Gladys-Cindana-Asri-Pardosi/17-BDD-Cucumber/PRAKTIKUM/Qcintacucumber/src/test/resources/features/people/search.feature
17:13:59.014 [main] INFO  - 
  _____   ___   ___   _____     ___   _____     _     ___   _____   ___   ___  
 |_   _| | __| / __| |_   _|   / __| |_   _|   /_\   | _ \ |_   _| | __| |   \ 
   | |   | _|  \__ \   | |     \__ \   | |    / _ \  |   /   | |   | _|  | |) |
   |_|   |___| |___/   |_|     |___/   |_|   /_/ \_\ |_|_\   |_|   |___| |___/ 

Success clear history(search;success-clear-history)
--------------------------------------------------------------------------------
On button search
  &amp#27;[32mGiven &amp#27;[0m&amp#27;[32mI go to button search&amp#27;[0m                        &amp#27;[90m# starter.people.searchStep.iGoToButtonSearch()&amp#27;[0m
click clear
  &amp#27;[32mWhen &amp#27;[0m&amp#27;[32mI click clear button&amp#27;[0m                          &amp#27;[90m# starter.people.searchStep.iClickClearButton()&amp#27;[0m
click clear history button
  &amp#27;[32mAnd &amp#27;[0m&amp#27;[32mAlert displayed and click clear history button&amp#27;[0m &amp#27;[90m# starter.people.searchStep.alertDisplayedAndClickClearHistoryButton()&amp#27;[0m
get a button without no history
  &amp#27;[32mThen &amp#27;[0m&amp#27;[32mI see button search without no history&amp#27;[0m        &amp#27;[90m# starter.people.searchStep.iSeeButtonSearchWithoutNoHistory()&amp#27;[0m
17:13:59.054 [main] INFO  - 
  _____   ___   ___   _____     ___     _     ___   ___   ___   ___  
 |_   _| | __| / __| |_   _|   | _ \   /_\   / __| / __| | __| |   \ 
   | |   | _|  \__ \   | |     |  _/  / _ \  \__ \ \__ \ | _|  | |) |
   |_|   |___| |___/   |_|     |_|   /_/ \_\ |___/ |___/ |___| |___/ 

Success clear history
----------------------------------------------------------------------
]]></system-out>
  </testcase>
  <testcase name="Success display list of username that contains to our search" classname="Search" time="0.072">
    <system-out><![CDATA[
Scenario: Success display list of username that contains to our search &amp#27;[90m# src/test/resources/features/people/search.feature:19&amp#27;[0m
17:13:59.062 [main] INFO io.cucumber.core.plugin.SerenityReporter - Running feature from file:///D:/PERKULIAHAN/Semester%206,Hebatt%20glad!/Altera/QE_Gladys-Cindana-Asri-Pardosi/17-BDD-Cucumber/PRAKTIKUM/Qcintacucumber/src/test/resources/features/people/search.feature
17:13:59.070 [main] INFO  - 
  _____   ___   ___   _____     ___   _____     _     ___   _____   ___   ___  
 |_   _| | __| / __| |_   _|   / __| |_   _|   /_\   | _ \ |_   _| | __| |   \ 
   | |   | _|  \__ \   | |     \__ \   | |    / _ \  |   /   | |   | _|  | |) |
   |_|   |___| |___/   |_|     |___/   |_|   /_/ \_\ |_|_\   |_|   |___| |___/ 

Success display list of username that contains to our search(search;success-display-list-of-username-that-contains-to-our-search)
--------------------------------------------------------------------------------
On button search
  &amp#27;[32mGiven &amp#27;[0m&amp#27;[32mI go to button search&amp#27;[0m                                          &amp#27;[90m# starter.people.searchStep.iGoToButtonSearch()&amp#27;[0m
input words
  &amp#27;[32mWhen &amp#27;[0m&amp#27;[32mI input words that contains to my search&amp#27;[0m                        &amp#27;[90m# starter.people.searchStep.iInputWordsThatContainsToMySearch()&amp#27;[0m
tab enter
  &amp#27;[32mAnd &amp#27;[0m&amp#27;[32mtap enter&amp#27;[0m                                                        &amp#27;[90m# starter.people.searchStep.tapEnter()&amp#27;[0m
get list of username that contains to search
  &amp#27;[32mThen &amp#27;[0m&amp#27;[32mI will get list of username that contains to my search&amp#27;[0m          &amp#27;[90m# starter.people.searchStep.iWillGetListOfUsernameThatContainsToMySearch()&amp#27;[0m
17:13:59.118 [main] INFO  - 
  _____   ___   ___   _____     ___     _     ___   ___   ___   ___  
 |_   _| | __| / __| |_   _|   | _ \   /_\   / __| / __| | __| |   \ 
   | |   | _|  \__ \   | |     |  _/  / _ \  \__ \ \__ \ | _|  | |) |
   |_|   |___| |___/   |_|     |_|   /_/ \_\ |___/ |___/ |___| |___/ 

Success display list of username that contains to our search
----------------------------------------------------------------------
]]></system-out>
  </testcase>
</testsuite>