<?xml version="1.0" encoding="UTF-8"?>
<testsuite xmlns:xsi="http://www.w3.org/2001/XMLSchema-instance" xsi:noNamespaceSchemaLocation="https://maven.apache.org/surefire/maven-failsafe-plugin/xsd/failsafe-test-report-3.0.xsd" version="3.0" name="starter.cucumberTestSuite" time="155.072" tests="8" errors="0" skipped="0" failures="0">
  <properties>
[...]
</properties>
  <testcase name="Login scenario #1" classname="Login" time="28.769">
    <system-out><![CDATA[19:24:51.266 [main] INFO io.cucumber.core.plugin.SerenityReporter - Running feature from file:///D:/PERKULIAHAN/Semester%206,Hebatt%20glad!/Altera/QE_Gladys-Cindana-Asri-Pardosi/Mini-Project/Web/src/test/resources/features/login.feature
19:24:51.781 [main] INFO  - 

-------------------------------------------------------------------------------------
     _______. _______ .______       _______ .__   __.  __  .___________.____    ____ 
    /       ||   ____||   _  \     |   ____||  \ |  | |  | |           |\   \  /   / 
   |   (----`|  |__   |  |_)  |    |  |__   |   \|  | |  | `---|  |----` \   \/   /  
    \   \    |   __|  |      /     |   __|  |  . `  | |  |     |  |       \_    _/   
.----)   |   |  |____ |  |\  \----.|  |____ |  |\   | |  |     |  |         |  |     
|_______/    |_______|| _| `._____||_______||__| \__| |__|     |__|         |__|    
                                                                                     
 News and tutorials at http://www.serenity-bdd.info                                  
 Documentation at https://wakaleo.gitbooks.io/the-serenity-book/content/             
 Join the Serenity Community on Gitter: https://gitter.im/serenity-bdd/serenity-core 
 Serenity BDD Support and Training at http://serenity-bdd.info/#/trainingandsupport  
-------------------------------------------------------------------------------------

19:24:51.789 [main] DEBUG net.thucydides.core.steps.StepEventBus - Test suite started for story net.thucydides.core.model.Story@f388ff28
19:24:51.801 [main] INFO  - Test Suite Started: Login
19:24:51.844 [main] INFO io.cucumber.core.plugin.SerenityReporter - Running feature from file:///D:/PERKULIAHAN/Semester%206,Hebatt%20glad!/Altera/QE_Gladys-Cindana-Asri-Pardosi/Mini-Project/Web/src/test/resources/features/register.feature
19:24:51.861 [main] DEBUG net.thucydides.core.steps.StepEventBus - Test suite started for story net.thucydides.core.model.Story@9f729512
19:24:51.864 [main] INFO  - Test Suite Started: Registration
19:24:51.866 [main] INFO io.cucumber.core.plugin.SerenityReporter - Running feature from file:///D:/PERKULIAHAN/Semester%206,Hebatt%20glad!/Altera/QE_Gladys-Cindana-Asri-Pardosi/Mini-Project/Web/src/test/resources/features/login.feature
19:24:51.879 [main] DEBUG net.thucydides.core.steps.StepEventBus - Test suite started for story net.thucydides.core.model.Story@f388ff28
19:24:51.881 [main] INFO  - Test Suite Started: Login

@DDT
Scenario Outline: Login scenario           &amp#27;[90m# src/test/resources/features/login.feature:17&amp#27;[0m
19:24:52.257 [main] INFO io.cucumber.core.plugin.SerenityReporter - Running feature from file:///D:/PERKULIAHAN/Semester%206,Hebatt%20glad!/Altera/QE_Gladys-Cindana-Asri-Pardosi/Mini-Project/Web/src/test/resources/features/login.feature
19:24:52.526 [main] INFO  - 
  _____   ___   ___   _____     ___   _____     _     ___   _____   ___   ___  
 |_   _| | __| / __| |_   _|   / __| |_   _|   /_\   | _ \ |_   _| | __| |   \ 
   | |   | _|  \__ \   | |     \__ \   | |    / _ \  |   /   | |   | _|  | |) |
   |_|   |___| |___/   |_|     |___/   |_|   /_/ \_\ |_|_\   |_|   |___| |___/ 

Login scenario(login;login-scenario)
--------------------------------------------------------------------------------
19:24:54.681 [main] DEBUG net.thucydides.core.steps.StepInterceptor - STARTING STEP: stepdefinition.iAmOnLoginPage - openUrl
19:24:54.757 [main] INFO net.serenitybdd.core.webdriver.driverproviders.ChromeDriverProvider - Using automatically driver download
19:24:56.135 [main] DEBUG io.github.bonigarcia.wdm.cache.ResolutionCache - Resolution chrome=100 in cache (valid until 19:49:42 30/04/2022 WIB)
19:24:56.152 [main] DEBUG io.github.bonigarcia.wdm.cache.ResolutionCache - Resolution chrome100=100.0.4896.60 in cache (valid until 18:49:42 01/05/2022 WIB)
19:24:56.160 [main] INFO io.github.bonigarcia.wdm.WebDriverManager - Using chromedriver 100.0.4896.60 (resolved driver for Chrome 100)
19:24:56.221 [main] DEBUG io.github.bonigarcia.wdm.WebDriverManager - Driver chromedriver 100.0.4896.60 found in cache
19:24:56.224 [main] INFO io.github.bonigarcia.wdm.WebDriverManager - Exporting webdriver.chrome.driver as C:\Users\ASUS\.cache\selenium\chromedriver\win32\100.0.4896.60\chromedriver.exe
19:24:57.245 [main] DEBUG net.thucydides.core.reflection.ClassFinder - Could not load class .starter.cucumberTestSuite
19:24:57.245 [main] DEBUG net.thucydides.core.reflection.ClassFinder - Could not load class .starter.pages.HomePage
19:24:57.245 [main] DEBUG net.thucydides.core.reflection.ClassFinder - Could not load class .starter.pages.LoginPage
19:24:57.245 [main] DEBUG net.thucydides.core.reflection.ClassFinder - Could not load class .starter.pages.RegisterPage
19:24:57.245 [main] DEBUG net.thucydides.core.reflection.ClassFinder - Could not load class .starter.stepdefinitions.registerStep
19:24:57.245 [main] DEBUG net.thucydides.core.reflection.ClassFinder - Could not load class .starter.stepdefinitions.stepdefinition
19:24:57.245 [main] DEBUG net.thucydides.core.reflection.ClassFinder - Could not load class .utils.General
19:24:57.248 [main] DEBUG net.thucydides.core.reflection.ClassFinder - Could not load class META-INF.versions.9.com.sun.istack.logging.StackHelper
19:24:57.248 [main] DEBUG net.thucydides.core.reflection.ClassFinder - Could not load class META-INF.versions.9.com.sun.xml.bind.v2.runtime.reflect.opt.AccessorInjector
19:24:57.250 [main] DEBUG net.thucydides.core.reflection.ClassFinder - Could not load class META-INF.versions.9.com.sun.xml.bind.v2.runtime.reflect.opt.Injector
19:24:57.253 [main] DEBUG net.thucydides.core.reflection.ClassFinder - Could not load class META-INF.versions.9.com.sun.xml.bind.v2.runtime.reflect.opt.OptimizedAccessorFactory
19:24:57.253 [main] DEBUG net.thucydides.core.reflection.ClassFinder - Could not load class META-INF.versions.9.com.sun.xml.bind.v2.runtime.reflect.opt.OptimizedTransducedAccessorFactory
19:24:57.255 [main] DEBUG net.thucydides.core.reflection.ClassFinder - Could not load class META-INF.versions.9.io.opentelemetry.sdk.internal.CurrentJavaVersionSpecific
19:24:57.255 [main] DEBUG net.thucydides.core.reflection.ClassFinder - Could not load class META-INF.versions.9.io.opentelemetry.sdk.internal.Java9VersionSpecific
19:24:57.255 [main] DEBUG net.thucydides.core.reflection.ClassFinder - Could not load class META-INF.versions.9.javax.xml.bind.ModuleUtil
19:24:57.258 [main] DEBUG net.thucydides.core.reflection.ClassFinder - Could not load class META-INF.versions.9.module-info
19:24:57.258 [main] DEBUG net.thucydides.core.reflection.ClassFinder - Could not load class META-INF.versions.9.org.junit.platform.commons.util.ModuleUtils
19:24:58.045 [main] DEBUG net.thucydides.core.reflection.ClassFinder - Could not load class com.google.gson.internal.
19:24:58.454 [main] DEBUG net.thucydides.core.reflection.ClassFinder - Could not load class com.sun.xml.bind.v2.runtime.output.FastInfosetStreamWriterOutput
19:24:59.557 [main] DEBUG net.thucydides.core.reflection.ClassFinder - Could not load class module-info
19:25:06.069 [main] DEBUG io.netty.util.internal.logging.InternalLoggerFactory - Using SLF4J as the default logging framework
19:25:06.077 [main] DEBUG io.netty.util.ResourceLeakDetector - -Dio.netty.leakDetection.level: simple
19:25:06.077 [main] DEBUG io.netty.util.ResourceLeakDetector - -Dio.netty.leakDetection.targetRecords: 4
19:25:06.087 [main] DEBUG io.netty.util.ResourceLeakDetectorFactory - Loaded default ResourceLeakDetector: io.netty.util.ResourceLeakDetector@4dc24d88
19:25:06.149 [main] DEBUG io.netty.util.internal.PlatformDependent0 - -Dio.netty.noUnsafe: false
19:25:06.149 [main] DEBUG io.netty.util.internal.PlatformDependent0 - Java version: 15
19:25:06.152 [main] DEBUG io.netty.util.internal.PlatformDependent0 - sun.misc.Unsafe.theUnsafe: available
19:25:06.154 [main] DEBUG io.netty.util.internal.PlatformDependent0 - sun.misc.Unsafe.copyMemory: available
19:25:06.154 [main] DEBUG io.netty.util.internal.PlatformDependent0 - java.nio.Buffer.address: available
19:25:06.156 [main] DEBUG io.netty.util.internal.PlatformDependent0 - direct buffer constructor: unavailable: Reflective setAccessible(true) disabled
19:25:06.159 [main] DEBUG io.netty.util.internal.PlatformDependent0 - java.nio.Bits.unaligned: available, true
19:25:06.162 [main] DEBUG io.netty.util.internal.PlatformDependent0 - jdk.internal.misc.Unsafe.allocateUninitializedArray(int): unavailable: class io.netty.util.internal.PlatformDependent0$6 cannot access class jdk.internal.misc.Unsafe (in module java.base) because module java.base does not export jdk.internal.misc to unnamed module @30c31dd7
19:25:06.166 [main] DEBUG io.netty.util.internal.PlatformDependent0 - java.nio.DirectByteBuffer.<init>(long, int): unavailable
19:25:06.166 [main] DEBUG io.netty.util.internal.PlatformDependent - sun.misc.Unsafe: available
19:25:06.171 [main] DEBUG io.netty.util.internal.PlatformDependent - maxDirectMemory: 2671771648 bytes (maybe)
19:25:06.174 [main] DEBUG io.netty.util.internal.PlatformDependent - -Dio.netty.tmpdir: C:\Users\ASUS\AppData\Local\Temp (java.io.tmpdir)
19:25:06.174 [main] DEBUG io.netty.util.internal.PlatformDependent - -Dio.netty.bitMode: 64 (sun.arch.data.model)
19:25:06.174 [main] DEBUG io.netty.util.internal.PlatformDependent - Platform: Windows
19:25:06.176 [main] DEBUG io.netty.util.internal.PlatformDependent - -Dio.netty.maxDirectMemory: -1 bytes
19:25:06.176 [main] DEBUG io.netty.util.internal.PlatformDependent - -Dio.netty.uninitializedArrayAllocationThreshold: -1
19:25:06.179 [main] DEBUG io.netty.util.internal.CleanerJava9 - java.nio.ByteBuffer.cleaner(): available
19:25:06.179 [main] DEBUG io.netty.util.internal.PlatformDependent - -Dio.netty.noPreferDirect: false
19:25:06.199 [main] DEBUG io.netty.util.internal.PlatformDependent - org.jctools-core.MpscChunkedArrayQueue: available
19:25:06.257 [main] DEBUG io.netty.util.internal.InternalThreadLocalMap - -Dio.netty.threadLocalMap.stringBuilder.initialSize: 1024
19:25:06.257 [main] DEBUG io.netty.util.internal.InternalThreadLocalMap - -Dio.netty.threadLocalMap.stringBuilder.maxSize: 4096
19:25:06.362 [main] DEBUG io.netty.handler.ssl.JdkSslContext - Default protocols (JDK): [TLSv1.3, TLSv1.2, TLSv1.1, TLSv1] 
19:25:06.362 [main] DEBUG io.netty.handler.ssl.JdkSslContext - Default cipher suites (JDK): [TLS_ECDHE_ECDSA_WITH_AES_256_GCM_SHA384, TLS_ECDHE_ECDSA_WITH_AES_128_GCM_SHA256, TLS_ECDHE_RSA_WITH_AES_128_GCM_SHA256, TLS_ECDHE_RSA_WITH_AES_256_GCM_SHA384, TLS_ECDHE_RSA_WITH_AES_128_CBC_SHA, TLS_ECDHE_RSA_WITH_AES_256_CBC_SHA, TLS_RSA_WITH_AES_128_GCM_SHA256, TLS_RSA_WITH_AES_128_CBC_SHA, TLS_RSA_WITH_AES_256_CBC_SHA, TLS_AES_128_GCM_SHA256, TLS_AES_256_GCM_SHA384]
19:25:06.432 [main] DEBUG io.netty.channel.MultithreadEventLoopGroup - -Dio.netty.eventLoopThreads: 16
19:25:06.452 [main] DEBUG io.netty.channel.nio.NioEventLoop - -Dio.netty.noKeySetOptimization: false
19:25:06.454 [main] DEBUG io.netty.channel.nio.NioEventLoop - -Dio.netty.selectorAutoRebuildThreshold: 512
19:25:06.572 [main] DEBUG io.netty.buffer.PooledByteBufAllocator - -Dio.netty.allocator.numHeapArenas: 16
19:25:06.572 [main] DEBUG io.netty.buffer.PooledByteBufAllocator - -Dio.netty.allocator.numDirectArenas: 16
19:25:06.572 [main] DEBUG io.netty.buffer.PooledByteBufAllocator - -Dio.netty.allocator.pageSize: 8192
19:25:06.572 [main] DEBUG io.netty.buffer.PooledByteBufAllocator - -Dio.netty.allocator.maxOrder: 11
19:25:06.572 [main] DEBUG io.netty.buffer.PooledByteBufAllocator - -Dio.netty.allocator.chunkSize: 16777216
19:25:06.572 [main] DEBUG io.netty.buffer.PooledByteBufAllocator - -Dio.netty.allocator.smallCacheSize: 256
19:25:06.572 [main] DEBUG io.netty.buffer.PooledByteBufAllocator - -Dio.netty.allocator.normalCacheSize: 64
19:25:06.572 [main] DEBUG io.netty.buffer.PooledByteBufAllocator - -Dio.netty.allocator.maxCachedBufferCapacity: 32768
19:25:06.572 [main] DEBUG io.netty.buffer.PooledByteBufAllocator - -Dio.netty.allocator.cacheTrimInterval: 8192
19:25:06.574 [main] DEBUG io.netty.buffer.PooledByteBufAllocator - -Dio.netty.allocator.cacheTrimIntervalMillis: 0
19:25:06.574 [main] DEBUG io.netty.buffer.PooledByteBufAllocator - -Dio.netty.allocator.useCacheForAllThreads: true
19:25:06.574 [main] DEBUG io.netty.buffer.PooledByteBufAllocator - -Dio.netty.allocator.maxCachedByteBuffersPerChunk: 1023
19:25:06.597 [main] DEBUG io.netty.buffer.ByteBufUtil - -Dio.netty.allocator.type: pooled
19:25:06.598 [main] DEBUG io.netty.buffer.ByteBufUtil - -Dio.netty.threadLocalDirectBufferSize: 0
19:25:06.598 [main] DEBUG io.netty.buffer.ByteBufUtil - -Dio.netty.maxThreadLocalCharBufferSize: 16384
19:25:06.953 [main] DEBUG net.serenitybdd.core.webdriver.driverproviders.ProvideNewDriver - Instantiating driver
19:25:06.953 [main] DEBUG net.serenitybdd.core.webdriver.driverproviders.ProvideNewDriver - Driver capabilities: Capabilities {acceptInsecureCerts: false, base.url: , browserName: chrome, goog:chromeOptions: {args: [], extensions: []}}
19:25:07.996 [Forwarding newSession on session null to remote] DEBUG io.netty.channel.DefaultChannelId - -Dio.netty.processId: 33396 (auto-detected)
19:25:08.001 [Forwarding newSession on session null to remote] DEBUG io.netty.util.NetUtil - -Djava.net.preferIPv4Stack: false
19:25:08.002 [Forwarding newSession on session null to remote] DEBUG io.netty.util.NetUtil - -Djava.net.preferIPv6Addresses: false
19:25:08.018 [Forwarding newSession on session null to remote] DEBUG io.netty.util.NetUtilInitializations - Loopback interface: lo (Software Loopback Interface 1, 127.0.0.1)
19:25:08.021 [Forwarding newSession on session null to remote] DEBUG io.netty.util.NetUtil - Failed to get SOMAXCONN from sysctl and file \proc\sys\net\core\somaxconn. Default: 200
19:25:08.073 [Forwarding newSession on session null to remote] DEBUG io.netty.channel.DefaultChannelId - -Dio.netty.machineId: 04:ea:56:ff:fe:54:1b:1e (auto-detected)
19:25:08.173 [AsyncHttpClient-1-2] DEBUG io.netty.buffer.AbstractByteBuf - -Dio.netty.buffer.checkAccessible: true
19:25:08.173 [AsyncHttpClient-1-2] DEBUG io.netty.buffer.AbstractByteBuf - -Dio.netty.buffer.checkBounds: true
19:25:08.173 [AsyncHttpClient-1-2] DEBUG io.netty.util.ResourceLeakDetectorFactory - Loaded default ResourceLeakDetector: io.netty.util.ResourceLeakDetector@220c13ea
19:25:08.196 [AsyncHttpClient-1-2] DEBUG org.asynchttpclient.netty.channel.NettyConnectListener - Using new Channel '[id: 0x074035ae, L:/127.0.0.1:56601 - R:localhost/127.0.0.1:63751]' for 'POST' to '/session'
19:25:08.239 [AsyncHttpClient-1-2] DEBUG io.netty.util.Recycler - -Dio.netty.recycler.maxCapacityPerThread: 4096
19:25:08.239 [AsyncHttpClient-1-2] DEBUG io.netty.util.Recycler - -Dio.netty.recycler.ratio: 8
19:25:08.239 [AsyncHttpClient-1-2] DEBUG io.netty.util.Recycler - -Dio.netty.recycler.chunkSize: 32
19:25:08.239 [AsyncHttpClient-1-2] DEBUG io.netty.util.Recycler - -Dio.netty.recycler.blocking: false
19:25:09.782 [AsyncHttpClient-1-2] DEBUG io.netty.handler.codec.compression.Brotli - brotli4j not in the classpath; Brotli support will be unavailable.
19:25:09.782 [AsyncHttpClient-1-2] DEBUG org.asynchttpclient.netty.handler.HttpHandler - 

Request DefaultHttpRequest(decodeResult: success, version: HTTP/1.1)
POST /session HTTP/1.1
User-Agent: selenium/4.1.2 (java windows)
Content-Length: 457
Content-Type: application/json; charset=utf-8
host: localhost:63751
accept: */*

Response DefaultHttpResponse(decodeResult: success, version: HTTP/1.1)
HTTP/1.1 200 OK
Content-Type: application/json; charset=utf-8
cache-control: no-cache
content-length: 790

19:25:09.812 [AsyncHttpClient-1-2] DEBUG org.asynchttpclient.netty.channel.ChannelManager - Adding key: http://localhost:63751 for channel [id: 0x074035ae, L:/127.0.0.1:56601 - R:localhost/127.0.0.1:63751]
19:25:10.164 [AsyncHttpClient-1-3] DEBUG org.asynchttpclient.netty.channel.NettyConnectListener - Using new Channel '[id: 0x1c7aa07d, L:/127.0.0.1:56616 - R:localhost/127.0.0.1:56602]' for 'GET' to '/json/version'
19:25:10.184 [AsyncHttpClient-1-3] DEBUG org.asynchttpclient.netty.handler.HttpHandler - 

Request DefaultFullHttpRequest(decodeResult: success, version: HTTP/1.1, content: EmptyByteBufBE)
GET /json/version HTTP/1.1
User-Agent: selenium/4.1.2 (java windows)
host: localhost:56602
accept: */*

Response DefaultHttpResponse(decodeResult: success, version: HTTP/1.1)
HTTP/1.1 200 OK
Content-Type: application/json; charset=UTF-8
content-length: 429

19:25:10.187 [AsyncHttpClient-1-3] DEBUG org.asynchttpclient.netty.channel.ChannelManager - Adding key: http://localhost:56602 for channel [id: 0x1c7aa07d, L:/127.0.0.1:56616 - R:localhost/127.0.0.1:56602]
19:25:10.207 [main] DEBUG io.netty.util.internal.ThreadLocalRandom - -Dio.netty.initialSeedUniquifier: 0x53fdeee7d68eb068
19:25:10.217 [AsyncHttpClient-1-4] DEBUG org.asynchttpclient.netty.channel.NettyConnectListener - Using new Channel '[id: 0x692dcd43, L:/127.0.0.1:56617 - R:localhost/127.0.0.1:56602]' for 'GET' to '/devtools/browser/67378fb2-4835-4001-a947-e1608f8d4a3e'
19:25:10.247 [AsyncHttpClient-1-4] DEBUG org.asynchttpclient.netty.handler.WebSocketHandler - 

Request DefaultFullHttpRequest(decodeResult: success, version: HTTP/1.1, content: EmptyByteBufBE)
GET /devtools/browser/67378fb2-4835-4001-a947-e1608f8d4a3e HTTP/1.1
upgrade: websocket
connection: upgrade
sec-websocket-key: 9yolxM1/5YN6PrF9e+4drA==
sec-websocket-version: 13
origin: http://localhost:56602
host: localhost:56602
accept: */*
user-agent: AHC/2.1

Response DefaultHttpResponse(decodeResult: success, version: HTTP/1.1)
HTTP/1.1 101 WebSocket Protocol Handshake
Upgrade: WebSocket
Connection: Upgrade
Sec-WebSocket-Accept: v8xeatGkA+rSWh8u9DSZ4PboMj4=

19:25:10.710 [AsyncHttpClient-1-1] DEBUG org.asynchttpclient.netty.channel.DefaultChannelPool - Entry count for : http://localhost:63751 : 1
19:25:10.710 [AsyncHttpClient-1-1] DEBUG org.asynchttpclient.netty.channel.DefaultChannelPool - Entry count for : http://localhost:56602 : 1
19:25:11.415 [main] DEBUG net.thucydides.core.reflection.ClassFinder - Could not load class .starter.cucumberTestSuite
19:25:11.415 [main] DEBUG net.thucydides.core.reflection.ClassFinder - Could not load class .starter.pages.HomePage
19:25:11.417 [main] DEBUG net.thucydides.core.reflection.ClassFinder - Could not load class .starter.pages.LoginPage
19:25:11.417 [main] DEBUG net.thucydides.core.reflection.ClassFinder - Could not load class .starter.pages.RegisterPage
19:25:11.417 [main] DEBUG net.thucydides.core.reflection.ClassFinder - Could not load class .starter.stepdefinitions.registerStep
19:25:11.417 [main] DEBUG net.thucydides.core.reflection.ClassFinder - Could not load class .starter.stepdefinitions.stepdefinition
19:25:11.417 [main] DEBUG net.thucydides.core.reflection.ClassFinder - Could not load class .utils.General
19:25:11.417 [main] DEBUG net.thucydides.core.reflection.ClassFinder - Could not load class META-INF.versions.9.com.sun.istack.logging.StackHelper
19:25:11.421 [main] DEBUG net.thucydides.core.reflection.ClassFinder - Could not load class META-INF.versions.9.com.sun.xml.bind.v2.runtime.reflect.opt.AccessorInjector
19:25:11.423 [main] DEBUG net.thucydides.core.reflection.ClassFinder - Could not load class META-INF.versions.9.com.sun.xml.bind.v2.runtime.reflect.opt.Injector
19:25:11.425 [main] DEBUG net.thucydides.core.reflection.ClassFinder - Could not load class META-INF.versions.9.com.sun.xml.bind.v2.runtime.reflect.opt.OptimizedAccessorFactory
19:25:11.425 [main] DEBUG net.thucydides.core.reflection.ClassFinder - Could not load class META-INF.versions.9.com.sun.xml.bind.v2.runtime.reflect.opt.OptimizedTransducedAccessorFactory
19:25:11.428 [main] DEBUG net.thucydides.core.reflection.ClassFinder - Could not load class META-INF.versions.9.io.opentelemetry.sdk.internal.CurrentJavaVersionSpecific
19:25:11.431 [main] DEBUG net.thucydides.core.reflection.ClassFinder - Could not load class META-INF.versions.9.io.opentelemetry.sdk.internal.Java9VersionSpecific
19:25:11.433 [main] DEBUG net.thucydides.core.reflection.ClassFinder - Could not load class META-INF.versions.9.javax.xml.bind.ModuleUtil
19:25:11.435 [main] DEBUG net.thucydides.core.reflection.ClassFinder - Could not load class META-INF.versions.9.module-info
19:25:11.438 [main] DEBUG net.thucydides.core.reflection.ClassFinder - Could not load class META-INF.versions.9.org.junit.platform.commons.util.ModuleUtils
19:25:11.443 [main] DEBUG net.thucydides.core.reflection.ClassFinder - Could not load class com.google.gson.internal.
19:25:11.445 [main] DEBUG net.thucydides.core.reflection.ClassFinder - Could not load class com.sun.xml.bind.v2.runtime.output.FastInfosetStreamWriterOutput
19:25:11.455 [main] DEBUG net.thucydides.core.reflection.ClassFinder - Could not load class module-info
19:25:11.512 [Forwarding get on session 36b004e67a2d30bd3f551bc813550c8a to remote] DEBUG org.asynchttpclient.netty.request.NettyRequestSender - Using pooled Channel '[id: 0x074035ae, L:/127.0.0.1:56601 - R:localhost/127.0.0.1:63751]' for 'POST' to 'http://localhost:63751/session/36b004e67a2d30bd3f551bc813550c8a/url'
19:25:11.512 [Forwarding get on session 36b004e67a2d30bd3f551bc813550c8a to remote] DEBUG org.asynchttpclient.netty.request.NettyRequestSender - Using open Channel [id: 0x074035ae, L:/127.0.0.1:56601 - R:localhost/127.0.0.1:63751] for POST '/session/36b004e67a2d30bd3f551bc813550c8a/url'
19:25:11.808 [AsyncHttpClient-1-1] DEBUG org.asynchttpclient.netty.channel.DefaultChannelPool - Entry count for : http://localhost:56602 : 1
19:25:12.910 [AsyncHttpClient-1-1] DEBUG org.asynchttpclient.netty.channel.DefaultChannelPool - Entry count for : http://localhost:56602 : 1
19:25:13.615 [AsyncHttpClient-1-2] DEBUG org.asynchttpclient.netty.handler.HttpHandler - 

Request DefaultHttpRequest(decodeResult: success, version: HTTP/1.1)
POST /session/36b004e67a2d30bd3f551bc813550c8a/url HTTP/1.1
User-Agent: selenium/4.1.2 (java windows)
Content-Length: 49
Content-Type: application/json; charset=utf-8
host: localhost:63751
accept: */*

Response DefaultHttpResponse(decodeResult: success, version: HTTP/1.1)
HTTP/1.1 200 OK
Content-Type: application/json; charset=utf-8
cache-control: no-cache
content-length: 14

19:25:13.615 [AsyncHttpClient-1-2] DEBUG org.asynchttpclient.netty.channel.ChannelManager - Adding key: http://localhost:63751 for channel [id: 0x074035ae, L:/127.0.0.1:56601 - R:localhost/127.0.0.1:63751]
19:25:13.632 [Forwarding setTimeout on session 36b004e67a2d30bd3f551bc813550c8a to remote] DEBUG org.asynchttpclient.netty.request.NettyRequestSender - Using pooled Channel '[id: 0x074035ae, L:/127.0.0.1:56601 - R:localhost/127.0.0.1:63751]' for 'POST' to 'http://localhost:63751/session/36b004e67a2d30bd3f551bc813550c8a/timeouts'
19:25:13.632 [Forwarding setTimeout on session 36b004e67a2d30bd3f551bc813550c8a to remote] DEBUG org.asynchttpclient.netty.request.NettyRequestSender - Using open Channel [id: 0x074035ae, L:/127.0.0.1:56601 - R:localhost/127.0.0.1:63751] for POST '/session/36b004e67a2d30bd3f551bc813550c8a/timeouts'
19:25:13.635 [AsyncHttpClient-1-2] DEBUG org.asynchttpclient.netty.handler.HttpHandler - 

Request DefaultHttpRequest(decodeResult: success, version: HTTP/1.1)
POST /session/36b004e67a2d30bd3f551bc813550c8a/timeouts HTTP/1.1
User-Agent: selenium/4.1.2 (java windows)
Content-Length: 22
Content-Type: application/json; charset=utf-8
host: localhost:63751
accept: */*

Response DefaultHttpResponse(decodeResult: success, version: HTTP/1.1)
HTTP/1.1 200 OK
Content-Type: application/json; charset=utf-8
cache-control: no-cache
content-length: 14

19:25:13.635 [AsyncHttpClient-1-2] DEBUG org.asynchttpclient.netty.channel.ChannelManager - Adding key: http://localhost:63751 for channel [id: 0x074035ae, L:/127.0.0.1:56601 - R:localhost/127.0.0.1:63751]
19:25:13.654 [Forwarding getCurrentUrl on session 36b004e67a2d30bd3f551bc813550c8a to remote] DEBUG org.asynchttpclient.netty.request.NettyRequestSender - Using pooled Channel '[id: 0x074035ae, L:/127.0.0.1:56601 - R:localhost/127.0.0.1:63751]' for 'GET' to 'http://localhost:63751/session/36b004e67a2d30bd3f551bc813550c8a/url'
19:25:13.654 [Forwarding getCurrentUrl on session 36b004e67a2d30bd3f551bc813550c8a to remote] DEBUG org.asynchttpclient.netty.request.NettyRequestSender - Using open Channel [id: 0x074035ae, L:/127.0.0.1:56601 - R:localhost/127.0.0.1:63751] for GET '/session/36b004e67a2d30bd3f551bc813550c8a/url'
19:25:13.664 [AsyncHttpClient-1-2] DEBUG org.asynchttpclient.netty.handler.HttpHandler - 

Request DefaultFullHttpRequest(decodeResult: success, version: HTTP/1.1, content: EmptyByteBufBE)
GET /session/36b004e67a2d30bd3f551bc813550c8a/url HTTP/1.1
User-Agent: selenium/4.1.2 (java windows)
Cache-Control: no-cache
Content-Type: application/json; charset=utf-8
host: localhost:63751
accept: */*

Response DefaultHttpResponse(decodeResult: success, version: HTTP/1.1)
HTTP/1.1 200 OK
Content-Type: application/json; charset=utf-8
cache-control: no-cache
content-length: 31

19:25:13.667 [AsyncHttpClient-1-2] DEBUG org.asynchttpclient.netty.channel.ChannelManager - Adding key: http://localhost:63751 for channel [id: 0x074035ae, L:/127.0.0.1:56601 - R:localhost/127.0.0.1:63751]
19:25:13.724 [main] DEBUG net.serenitybdd.core.photography.Darkroom - Opening darkroom
19:25:13.724 [Darkroom Processing Line] DEBUG net.serenitybdd.core.photography.DarkroomProcessingLine - Darkroom processing line starting up
19:25:13.726 [Forwarding screenshot on session 36b004e67a2d30bd3f551bc813550c8a to remote] DEBUG org.asynchttpclient.netty.request.NettyRequestSender - Using pooled Channel '[id: 0x074035ae, L:/127.0.0.1:56601 - R:localhost/127.0.0.1:63751]' for 'GET' to 'http://localhost:63751/session/36b004e67a2d30bd3f551bc813550c8a/screenshot'
19:25:13.726 [Forwarding screenshot on session 36b004e67a2d30bd3f551bc813550c8a to remote] DEBUG org.asynchttpclient.netty.request.NettyRequestSender - Using open Channel [id: 0x074035ae, L:/127.0.0.1:56601 - R:localhost/127.0.0.1:63751] for GET '/session/36b004e67a2d30bd3f551bc813550c8a/screenshot'
19:25:14.011 [AsyncHttpClient-1-1] DEBUG org.asynchttpclient.netty.channel.DefaultChannelPool - Entry count for : http://localhost:56602 : 1
19:25:14.702 [AsyncHttpClient-1-2] DEBUG org.asynchttpclient.netty.handler.HttpHandler - 

Request DefaultFullHttpRequest(decodeResult: success, version: HTTP/1.1, content: EmptyByteBufBE)
GET /session/36b004e67a2d30bd3f551bc813550c8a/screenshot HTTP/1.1
User-Agent: selenium/4.1.2 (java windows)
Cache-Control: no-cache
Content-Type: application/json; charset=utf-8
host: localhost:63751
accept: */*

Response DefaultHttpResponse(decodeResult: success, version: HTTP/1.1)
HTTP/1.1 200 OK
Content-Type: application/json; charset=utf-8
cache-control: no-cache
content-length: 49788

19:25:14.704 [AsyncHttpClient-1-2] DEBUG org.asynchttpclient.netty.channel.ChannelManager - Adding key: http://localhost:63751 for channel [id: 0x074035ae, L:/127.0.0.1:56601 - R:localhost/127.0.0.1:63751]
19:25:14.861 [main] DEBUG net.serenitybdd.core.photography.Darkroom - Send negative for processing for target\site\serenity\e6a63c95d3bdf56a788b726a2a4cb3add5c6ed242822e36dd69a8dc52fd32436.png
19:25:14.861 [Darkroom Processing Line] DEBUG net.serenitybdd.core.photography.DarkroomProcessingLine - Processing screenshot image in /var/screenshots/screenshot-13898532360957307147
19:25:14.861 [Darkroom Processing Line] DEBUG net.serenitybdd.core.photography.DarkroomProcessingLine - Saving screenshot to target\site\serenity\e6a63c95d3bdf56a788b726a2a4cb3add5c6ed242822e36dd69a8dc52fd32436.png
19:25:14.869 [main] DEBUG net.thucydides.core.steps.StepInterceptor - STEP DONE: openUrl
19:25:14.886 [main] DEBUG net.thucydides.core.steps.StepInterceptor - STARTING STEP: stepdefinition.iAmOnLoginPage - clickIconLogin
19:25:14.907 [Forwarding findElement on session 36b004e67a2d30bd3f551bc813550c8a to remote] DEBUG org.asynchttpclient.netty.request.NettyRequestSender - Using pooled Channel '[id: 0x074035ae, L:/127.0.0.1:56601 - R:localhost/127.0.0.1:63751]' for 'POST' to 'http://localhost:63751/session/36b004e67a2d30bd3f551bc813550c8a/element'
19:25:14.907 [Forwarding findElement on session 36b004e67a2d30bd3f551bc813550c8a to remote] DEBUG org.asynchttpclient.netty.request.NettyRequestSender - Using open Channel [id: 0x074035ae, L:/127.0.0.1:56601 - R:localhost/127.0.0.1:63751] for POST '/session/36b004e67a2d30bd3f551bc813550c8a/element'
19:25:14.931 [AsyncHttpClient-1-2] DEBUG org.asynchttpclient.netty.handler.HttpHandler - 

Request DefaultHttpRequest(decodeResult: success, version: HTTP/1.1)
POST /session/36b004e67a2d30bd3f551bc813550c8a/element HTTP/1.1
User-Agent: selenium/4.1.2 (java windows)
Content-Length: 170
Content-Type: application/json; charset=utf-8
host: localhost:63751
accept: */*

Response DefaultHttpResponse(decodeResult: success, version: HTTP/1.1)
HTTP/1.1 200 OK
Content-Type: application/json; charset=utf-8
cache-control: no-cache
content-length: 88

19:25:14.931 [AsyncHttpClient-1-2] DEBUG org.asynchttpclient.netty.channel.ChannelManager - Adding key: http://localhost:63751 for channel [id: 0x074035ae, L:/127.0.0.1:56601 - R:localhost/127.0.0.1:63751]
19:25:14.939 [Forwarding getElementTagName on session 36b004e67a2d30bd3f551bc813550c8a to remote] DEBUG org.asynchttpclient.netty.request.NettyRequestSender - Using pooled Channel '[id: 0x074035ae, L:/127.0.0.1:56601 - R:localhost/127.0.0.1:63751]' for 'GET' to 'http://localhost:63751/session/36b004e67a2d30bd3f551bc813550c8a/element/799e69a2-4f7b-4cba-8875-b02579224c83/name'
19:25:14.939 [Forwarding getElementTagName on session 36b004e67a2d30bd3f551bc813550c8a to remote] DEBUG org.asynchttpclient.netty.request.NettyRequestSender - Using open Channel [id: 0x074035ae, L:/127.0.0.1:56601 - R:localhost/127.0.0.1:63751] for GET '/session/36b004e67a2d30bd3f551bc813550c8a/element/799e69a2-4f7b-4cba-8875-b02579224c83/name'
19:25:14.949 [AsyncHttpClient-1-2] DEBUG org.asynchttpclient.netty.handler.HttpHandler - 

Request DefaultFullHttpRequest(decodeResult: success, version: HTTP/1.1, content: EmptyByteBufBE)
GET /session/36b004e67a2d30bd3f551bc813550c8a/element/799e69a2-4f7b-4cba-8875-b02579224c83/name HTTP/1.1
User-Agent: selenium/4.1.2 (java windows)
Cache-Control: no-cache
Content-Type: application/json; charset=utf-8
host: localhost:63751
accept: */*

Response DefaultHttpResponse(decodeResult: success, version: HTTP/1.1)
HTTP/1.1 200 OK
Content-Type: application/json; charset=utf-8
cache-control: no-cache
content-length: 13

19:25:14.949 [AsyncHttpClient-1-2] DEBUG org.asynchttpclient.netty.channel.ChannelManager - Adding key: http://localhost:63751 for channel [id: 0x074035ae, L:/127.0.0.1:56601 - R:localhost/127.0.0.1:63751]
19:25:14.956 [Forwarding getElementTagName on session 36b004e67a2d30bd3f551bc813550c8a to remote] DEBUG org.asynchttpclient.netty.request.NettyRequestSender - Using pooled Channel '[id: 0x074035ae, L:/127.0.0.1:56601 - R:localhost/127.0.0.1:63751]' for 'GET' to 'http://localhost:63751/session/36b004e67a2d30bd3f551bc813550c8a/element/799e69a2-4f7b-4cba-8875-b02579224c83/name'
19:25:14.956 [Forwarding getElementTagName on session 36b004e67a2d30bd3f551bc813550c8a to remote] DEBUG org.asynchttpclient.netty.request.NettyRequestSender - Using open Channel [id: 0x074035ae, L:/127.0.0.1:56601 - R:localhost/127.0.0.1:63751] for GET '/session/36b004e67a2d30bd3f551bc813550c8a/element/799e69a2-4f7b-4cba-8875-b02579224c83/name'
19:25:14.971 [AsyncHttpClient-1-2] DEBUG org.asynchttpclient.netty.handler.HttpHandler - 

Request DefaultFullHttpRequest(decodeResult: success, version: HTTP/1.1, content: EmptyByteBufBE)
GET /session/36b004e67a2d30bd3f551bc813550c8a/element/799e69a2-4f7b-4cba-8875-b02579224c83/name HTTP/1.1
User-Agent: selenium/4.1.2 (java windows)
Cache-Control: no-cache
Content-Type: application/json; charset=utf-8
host: localhost:63751
accept: */*

Response DefaultHttpResponse(decodeResult: success, version: HTTP/1.1)
HTTP/1.1 200 OK
Content-Type: application/json; charset=utf-8
cache-control: no-cache
content-length: 13

19:25:14.971 [AsyncHttpClient-1-2] DEBUG org.asynchttpclient.netty.channel.ChannelManager - Adding key: http://localhost:63751 for channel [id: 0x074035ae, L:/127.0.0.1:56601 - R:localhost/127.0.0.1:63751]
19:25:14.984 [Forwarding findElement on session 36b004e67a2d30bd3f551bc813550c8a to remote] DEBUG org.asynchttpclient.netty.request.NettyRequestSender - Using pooled Channel '[id: 0x074035ae, L:/127.0.0.1:56601 - R:localhost/127.0.0.1:63751]' for 'POST' to 'http://localhost:63751/session/36b004e67a2d30bd3f551bc813550c8a/element'
19:25:14.986 [Forwarding findElement on session 36b004e67a2d30bd3f551bc813550c8a to remote] DEBUG org.asynchttpclient.netty.request.NettyRequestSender - Using open Channel [id: 0x074035ae, L:/127.0.0.1:56601 - R:localhost/127.0.0.1:63751] for POST '/session/36b004e67a2d30bd3f551bc813550c8a/element'
19:25:15.006 [AsyncHttpClient-1-2] DEBUG org.asynchttpclient.netty.handler.HttpHandler - 

Request DefaultHttpRequest(decodeResult: success, version: HTTP/1.1)
POST /session/36b004e67a2d30bd3f551bc813550c8a/element HTTP/1.1
User-Agent: selenium/4.1.2 (java windows)
Content-Length: 170
Content-Type: application/json; charset=utf-8
host: localhost:63751
accept: */*

Response DefaultHttpResponse(decodeResult: success, version: HTTP/1.1)
HTTP/1.1 200 OK
Content-Type: application/json; charset=utf-8
cache-control: no-cache
content-length: 88

19:25:15.009 [AsyncHttpClient-1-2] DEBUG org.asynchttpclient.netty.channel.ChannelManager - Adding key: http://localhost:63751 for channel [id: 0x074035ae, L:/127.0.0.1:56601 - R:localhost/127.0.0.1:63751]
19:25:15.016 [Forwarding clickElement on session 36b004e67a2d30bd3f551bc813550c8a to remote] DEBUG org.asynchttpclient.netty.request.NettyRequestSender - Using pooled Channel '[id: 0x074035ae, L:/127.0.0.1:56601 - R:localhost/127.0.0.1:63751]' for 'POST' to 'http://localhost:63751/session/36b004e67a2d30bd3f551bc813550c8a/element/799e69a2-4f7b-4cba-8875-b02579224c83/click'
19:25:15.016 [Forwarding clickElement on session 36b004e67a2d30bd3f551bc813550c8a to remote] DEBUG org.asynchttpclient.netty.request.NettyRequestSender - Using open Channel [id: 0x074035ae, L:/127.0.0.1:56601 - R:localhost/127.0.0.1:63751] for POST '/session/36b004e67a2d30bd3f551bc813550c8a/element/799e69a2-4f7b-4cba-8875-b02579224c83/click'
19:25:15.093 [AsyncHttpClient-1-2] DEBUG org.asynchttpclient.netty.handler.HttpHandler - 

Request DefaultHttpRequest(decodeResult: success, version: HTTP/1.1)
POST /session/36b004e67a2d30bd3f551bc813550c8a/element/799e69a2-4f7b-4cba-8875-b02579224c83/click HTTP/1.1
User-Agent: selenium/4.1.2 (java windows)
Content-Length: 50
Content-Type: application/json; charset=utf-8
host: localhost:63751
accept: */*

Response DefaultHttpResponse(decodeResult: success, version: HTTP/1.1)
HTTP/1.1 200 OK
Content-Type: application/json; charset=utf-8
cache-control: no-cache
content-length: 14

19:25:15.093 [AsyncHttpClient-1-2] DEBUG org.asynchttpclient.netty.channel.ChannelManager - Adding key: http://localhost:63751 for channel [id: 0x074035ae, L:/127.0.0.1:56601 - R:localhost/127.0.0.1:63751]
19:25:15.108 [AsyncHttpClient-1-1] DEBUG org.asynchttpclient.netty.channel.DefaultChannelPool - Entry count for : http://localhost:63751 : 1
19:25:15.108 [AsyncHttpClient-1-1] DEBUG org.asynchttpclient.netty.channel.DefaultChannelPool - Entry count for : http://localhost:56602 : 1
19:25:15.125 [Forwarding screenshot on session 36b004e67a2d30bd3f551bc813550c8a to remote] DEBUG org.asynchttpclient.netty.request.NettyRequestSender - Using pooled Channel '[id: 0x074035ae, L:/127.0.0.1:56601 - R:localhost/127.0.0.1:63751]' for 'GET' to 'http://localhost:63751/session/36b004e67a2d30bd3f551bc813550c8a/screenshot'
19:25:15.125 [Forwarding screenshot on session 36b004e67a2d30bd3f551bc813550c8a to remote] DEBUG org.asynchttpclient.netty.request.NettyRequestSender - Using open Channel [id: 0x074035ae, L:/127.0.0.1:56601 - R:localhost/127.0.0.1:63751] for GET '/session/36b004e67a2d30bd3f551bc813550c8a/screenshot'
19:25:15.690 [AsyncHttpClient-1-2] DEBUG org.asynchttpclient.netty.handler.HttpHandler - 

Request DefaultFullHttpRequest(decodeResult: success, version: HTTP/1.1, content: EmptyByteBufBE)
GET /session/36b004e67a2d30bd3f551bc813550c8a/screenshot HTTP/1.1
User-Agent: selenium/4.1.2 (java windows)
Cache-Control: no-cache
Content-Type: application/json; charset=utf-8
host: localhost:63751
accept: */*

Response DefaultHttpResponse(decodeResult: success, version: HTTP/1.1)
HTTP/1.1 200 OK
Content-Type: application/json; charset=utf-8
cache-control: no-cache
content-length: 40120

19:25:15.692 [AsyncHttpClient-1-2] DEBUG org.asynchttpclient.netty.channel.ChannelManager - Adding key: http://localhost:63751 for channel [id: 0x074035ae, L:/127.0.0.1:56601 - R:localhost/127.0.0.1:63751]
19:25:15.704 [main] DEBUG net.serenitybdd.core.photography.Darkroom - Send negative for processing for target\site\serenity\67ceac6d2a4df07f2d215887f542e69184153f4614227b1a5a73878a6f29a6fc.png
19:25:15.705 [main] DEBUG net.thucydides.core.steps.StepInterceptor - STEP DONE: clickIconLogin
19:25:15.705 [Darkroom Processing Line] DEBUG net.serenitybdd.core.photography.DarkroomProcessingLine - Processing screenshot image in /var/screenshots/screenshot-2059741105392855423
19:25:15.706 [Darkroom Processing Line] DEBUG net.serenitybdd.core.photography.DarkroomProcessingLine - Saving screenshot to target\site\serenity\67ceac6d2a4df07f2d215887f542e69184153f4614227b1a5a73878a6f29a6fc.png
  &amp#27;[32mGiven &amp#27;[0m&amp#27;[32mi am on login page&amp#27;[0m                 &amp#27;[90m# starter.stepdefinitions.stepdefinition.iAmOnLoginPage()&amp#27;[0m
19:25:15.766 [Forwarding screenshot on session 36b004e67a2d30bd3f551bc813550c8a to remote] DEBUG org.asynchttpclient.netty.request.NettyRequestSender - Using pooled Channel '[id: 0x074035ae, L:/127.0.0.1:56601 - R:localhost/127.0.0.1:63751]' for 'GET' to 'http://localhost:63751/session/36b004e67a2d30bd3f551bc813550c8a/screenshot'
19:25:15.769 [Forwarding screenshot on session 36b004e67a2d30bd3f551bc813550c8a to remote] DEBUG org.asynchttpclient.netty.request.NettyRequestSender - Using open Channel [id: 0x074035ae, L:/127.0.0.1:56601 - R:localhost/127.0.0.1:63751] for GET '/session/36b004e67a2d30bd3f551bc813550c8a/screenshot'
19:25:15.937 [AsyncHttpClient-1-2] DEBUG org.asynchttpclient.netty.handler.HttpHandler - 

Request DefaultFullHttpRequest(decodeResult: success, version: HTTP/1.1, content: EmptyByteBufBE)
GET /session/36b004e67a2d30bd3f551bc813550c8a/screenshot HTTP/1.1
User-Agent: selenium/4.1.2 (java windows)
Cache-Control: no-cache
Content-Type: application/json; charset=utf-8
host: localhost:63751
accept: */*

Response DefaultHttpResponse(decodeResult: success, version: HTTP/1.1)
HTTP/1.1 200 OK
Content-Type: application/json; charset=utf-8
cache-control: no-cache
content-length: 39520

19:25:15.940 [AsyncHttpClient-1-2] DEBUG org.asynchttpclient.netty.channel.ChannelManager - Adding key: http://localhost:63751 for channel [id: 0x074035ae, L:/127.0.0.1:56601 - R:localhost/127.0.0.1:63751]
19:25:15.945 [main] DEBUG net.serenitybdd.core.photography.Darkroom - Send negative for processing for target\site\serenity\1288ad2728c710f67d550c819c438d21557d4755e33a862f2b4f8299bee42c2a.png
19:25:15.945 [Darkroom Processing Line] DEBUG net.serenitybdd.core.photography.DarkroomProcessingLine - Processing screenshot image in /var/screenshots/screenshot-16137660225736341388
19:25:15.945 [Darkroom Processing Line] DEBUG net.serenitybdd.core.photography.DarkroomProcessingLine - Saving screenshot to target\site\serenity\1288ad2728c710f67d550c819c438d21557d4755e33a862f2b4f8299bee42c2a.png
19:25:15.945 [main] DEBUG net.thucydides.core.steps.StepInterceptor - STARTING STEP: stepdefinition.iInputUsername - inputUsername
19:25:15.957 [Forwarding findElement on session 36b004e67a2d30bd3f551bc813550c8a to remote] DEBUG org.asynchttpclient.netty.request.NettyRequestSender - Using pooled Channel '[id: 0x074035ae, L:/127.0.0.1:56601 - R:localhost/127.0.0.1:63751]' for 'POST' to 'http://localhost:63751/session/36b004e67a2d30bd3f551bc813550c8a/element'
19:25:15.957 [Forwarding findElement on session 36b004e67a2d30bd3f551bc813550c8a to remote] DEBUG org.asynchttpclient.netty.request.NettyRequestSender - Using open Channel [id: 0x074035ae, L:/127.0.0.1:56601 - R:localhost/127.0.0.1:63751] for POST '/session/36b004e67a2d30bd3f551bc813550c8a/element'
19:25:15.975 [AsyncHttpClient-1-2] DEBUG org.asynchttpclient.netty.handler.HttpHandler - 

Request DefaultHttpRequest(decodeResult: success, version: HTTP/1.1)
POST /session/36b004e67a2d30bd3f551bc813550c8a/element HTTP/1.1
User-Agent: selenium/4.1.2 (java windows)
Content-Length: 86
Content-Type: application/json; charset=utf-8
host: localhost:63751
accept: */*

Response DefaultHttpResponse(decodeResult: success, version: HTTP/1.1)
HTTP/1.1 200 OK
Content-Type: application/json; charset=utf-8
cache-control: no-cache
content-length: 88

19:25:15.977 [AsyncHttpClient-1-2] DEBUG org.asynchttpclient.netty.channel.ChannelManager - Adding key: http://localhost:63751 for channel [id: 0x074035ae, L:/127.0.0.1:56601 - R:localhost/127.0.0.1:63751]
19:25:15.982 [Forwarding clearElement on session 36b004e67a2d30bd3f551bc813550c8a to remote] DEBUG org.asynchttpclient.netty.request.NettyRequestSender - Using pooled Channel '[id: 0x074035ae, L:/127.0.0.1:56601 - R:localhost/127.0.0.1:63751]' for 'POST' to 'http://localhost:63751/session/36b004e67a2d30bd3f551bc813550c8a/element/7b9ef439-d116-4239-8408-f8f111f9394c/clear'
19:25:15.982 [Forwarding clearElement on session 36b004e67a2d30bd3f551bc813550c8a to remote] DEBUG org.asynchttpclient.netty.request.NettyRequestSender - Using open Channel [id: 0x074035ae, L:/127.0.0.1:56601 - R:localhost/127.0.0.1:63751] for POST '/session/36b004e67a2d30bd3f551bc813550c8a/element/7b9ef439-d116-4239-8408-f8f111f9394c/clear'
19:25:16.038 [AsyncHttpClient-1-2] DEBUG org.asynchttpclient.netty.handler.HttpHandler - 

Request DefaultHttpRequest(decodeResult: success, version: HTTP/1.1)
POST /session/36b004e67a2d30bd3f551bc813550c8a/element/7b9ef439-d116-4239-8408-f8f111f9394c/clear HTTP/1.1
User-Agent: selenium/4.1.2 (java windows)
Content-Length: 50
Content-Type: application/json; charset=utf-8
host: localhost:63751
accept: */*

Response DefaultHttpResponse(decodeResult: success, version: HTTP/1.1)
HTTP/1.1 200 OK
Content-Type: application/json; charset=utf-8
cache-control: no-cache
content-length: 14

19:25:16.038 [AsyncHttpClient-1-2] DEBUG org.asynchttpclient.netty.channel.ChannelManager - Adding key: http://localhost:63751 for channel [id: 0x074035ae, L:/127.0.0.1:56601 - R:localhost/127.0.0.1:63751]
19:25:16.049 [Forwarding sendKeysToElement on session 36b004e67a2d30bd3f551bc813550c8a to remote] DEBUG org.asynchttpclient.netty.request.NettyRequestSender - Using pooled Channel '[id: 0x074035ae, L:/127.0.0.1:56601 - R:localhost/127.0.0.1:63751]' for 'POST' to 'http://localhost:63751/session/36b004e67a2d30bd3f551bc813550c8a/element/7b9ef439-d116-4239-8408-f8f111f9394c/value'
19:25:16.049 [Forwarding sendKeysToElement on session 36b004e67a2d30bd3f551bc813550c8a to remote] DEBUG org.asynchttpclient.netty.request.NettyRequestSender - Using open Channel [id: 0x074035ae, L:/127.0.0.1:56601 - R:localhost/127.0.0.1:63751] for POST '/session/36b004e67a2d30bd3f551bc813550c8a/element/7b9ef439-d116-4239-8408-f8f111f9394c/value'
19:25:16.209 [AsyncHttpClient-1-1] DEBUG org.asynchttpclient.netty.channel.DefaultChannelPool - Entry count for : http://localhost:56602 : 1
19:25:16.286 [AsyncHttpClient-1-2] DEBUG org.asynchttpclient.netty.handler.HttpHandler - 

Request DefaultHttpRequest(decodeResult: success, version: HTTP/1.1)
POST /session/36b004e67a2d30bd3f551bc813550c8a/element/7b9ef439-d116-4239-8408-f8f111f9394c/value HTTP/1.1
User-Agent: selenium/4.1.2 (java windows)
Content-Length: 241
Content-Type: application/json; charset=utf-8
host: localhost:63751
accept: */*

Response DefaultHttpResponse(decodeResult: success, version: HTTP/1.1)
HTTP/1.1 200 OK
Content-Type: application/json; charset=utf-8
cache-control: no-cache
content-length: 14

19:25:16.289 [AsyncHttpClient-1-2] DEBUG org.asynchttpclient.netty.channel.ChannelManager - Adding key: http://localhost:63751 for channel [id: 0x074035ae, L:/127.0.0.1:56601 - R:localhost/127.0.0.1:63751]
19:25:16.309 [Forwarding screenshot on session 36b004e67a2d30bd3f551bc813550c8a to remote] DEBUG org.asynchttpclient.netty.request.NettyRequestSender - Using pooled Channel '[id: 0x074035ae, L:/127.0.0.1:56601 - R:localhost/127.0.0.1:63751]' for 'GET' to 'http://localhost:63751/session/36b004e67a2d30bd3f551bc813550c8a/screenshot'
19:25:16.309 [Forwarding screenshot on session 36b004e67a2d30bd3f551bc813550c8a to remote] DEBUG org.asynchttpclient.netty.request.NettyRequestSender - Using open Channel [id: 0x074035ae, L:/127.0.0.1:56601 - R:localhost/127.0.0.1:63751] for GET '/session/36b004e67a2d30bd3f551bc813550c8a/screenshot'
19:25:16.524 [AsyncHttpClient-1-2] DEBUG org.asynchttpclient.netty.handler.HttpHandler - 

Request DefaultFullHttpRequest(decodeResult: success, version: HTTP/1.1, content: EmptyByteBufBE)
GET /session/36b004e67a2d30bd3f551bc813550c8a/screenshot HTTP/1.1
User-Agent: selenium/4.1.2 (java windows)
Cache-Control: no-cache
Content-Type: application/json; charset=utf-8
host: localhost:63751
accept: */*

Response DefaultHttpResponse(decodeResult: success, version: HTTP/1.1)
HTTP/1.1 200 OK
Content-Type: application/json; charset=utf-8
cache-control: no-cache
content-length: 47472

19:25:16.526 [AsyncHttpClient-1-2] DEBUG org.asynchttpclient.netty.channel.ChannelManager - Adding key: http://localhost:63751 for channel [id: 0x074035ae, L:/127.0.0.1:56601 - R:localhost/127.0.0.1:63751]
19:25:16.531 [main] DEBUG net.serenitybdd.core.photography.Darkroom - Send negative for processing for target\site\serenity\dd3335d1896f04c8545600ff91edd9e8da850e6ca36d64dd80bf1750ba74418a.png
19:25:16.531 [main] DEBUG net.thucydides.core.steps.StepInterceptor - STEP DONE: inputUsername
  &amp#27;[32mWhen &amp#27;[0m&amp#27;[32mi input &amp#27;[0m&amp#27;[32m&amp#27;[1m"gladys@gmail.com"&amp#27;[0m&amp#27;[32m username&amp#27;[0m &amp#27;[90m# starter.stepdefinitions.stepdefinition.iInputUsername(java.lang.String)&amp#27;[0m
19:25:16.534 [Darkroom Processing Line] DEBUG net.serenitybdd.core.photography.DarkroomProcessingLine - Processing screenshot image in /var/screenshots/screenshot-1879535567574433451
19:25:16.534 [Darkroom Processing Line] DEBUG net.serenitybdd.core.photography.DarkroomProcessingLine - Saving screenshot to target\site\serenity\dd3335d1896f04c8545600ff91edd9e8da850e6ca36d64dd80bf1750ba74418a.png
19:25:16.591 [Forwarding screenshot on session 36b004e67a2d30bd3f551bc813550c8a to remote] DEBUG org.asynchttpclient.netty.request.NettyRequestSender - Using pooled Channel '[id: 0x074035ae, L:/127.0.0.1:56601 - R:localhost/127.0.0.1:63751]' for 'GET' to 'http://localhost:63751/session/36b004e67a2d30bd3f551bc813550c8a/screenshot'
19:25:16.591 [Forwarding screenshot on session 36b004e67a2d30bd3f551bc813550c8a to remote] DEBUG org.asynchttpclient.netty.request.NettyRequestSender - Using open Channel [id: 0x074035ae, L:/127.0.0.1:56601 - R:localhost/127.0.0.1:63751] for GET '/session/36b004e67a2d30bd3f551bc813550c8a/screenshot'
19:25:16.787 [AsyncHttpClient-1-2] DEBUG org.asynchttpclient.netty.handler.HttpHandler - 

Request DefaultFullHttpRequest(decodeResult: success, version: HTTP/1.1, content: EmptyByteBufBE)
GET /session/36b004e67a2d30bd3f551bc813550c8a/screenshot HTTP/1.1
User-Agent: selenium/4.1.2 (java windows)
Cache-Control: no-cache
Content-Type: application/json; charset=utf-8
host: localhost:63751
accept: */*

Response DefaultHttpResponse(decodeResult: success, version: HTTP/1.1)
HTTP/1.1 200 OK
Content-Type: application/json; charset=utf-8
cache-control: no-cache
content-length: 46940

19:25:16.789 [AsyncHttpClient-1-2] DEBUG org.asynchttpclient.netty.channel.ChannelManager - Adding key: http://localhost:63751 for channel [id: 0x074035ae, L:/127.0.0.1:56601 - R:localhost/127.0.0.1:63751]
19:25:16.792 [main] DEBUG net.serenitybdd.core.photography.Darkroom - Send negative for processing for target\site\serenity\c26365a4232fbaadff7f43b5845433dc8ea00575e106c77c4891b2f139e42e36.png
19:25:16.794 [main] DEBUG net.thucydides.core.steps.StepInterceptor - STARTING STEP: stepdefinition.iInputPassword - inputPassword
19:25:16.794 [Darkroom Processing Line] DEBUG net.serenitybdd.core.photography.DarkroomProcessingLine - Processing screenshot image in /var/screenshots/screenshot-17504133185193313110
19:25:16.794 [Darkroom Processing Line] DEBUG net.serenitybdd.core.photography.DarkroomProcessingLine - Saving screenshot to target\site\serenity\c26365a4232fbaadff7f43b5845433dc8ea00575e106c77c4891b2f139e42e36.png
19:25:16.801 [Forwarding findElement on session 36b004e67a2d30bd3f551bc813550c8a to remote] DEBUG org.asynchttpclient.netty.request.NettyRequestSender - Using pooled Channel '[id: 0x074035ae, L:/127.0.0.1:56601 - R:localhost/127.0.0.1:63751]' for 'POST' to 'http://localhost:63751/session/36b004e67a2d30bd3f551bc813550c8a/element'
19:25:16.801 [Forwarding findElement on session 36b004e67a2d30bd3f551bc813550c8a to remote] DEBUG org.asynchttpclient.netty.request.NettyRequestSender - Using open Channel [id: 0x074035ae, L:/127.0.0.1:56601 - R:localhost/127.0.0.1:63751] for POST '/session/36b004e67a2d30bd3f551bc813550c8a/element'
19:25:16.824 [AsyncHttpClient-1-2] DEBUG org.asynchttpclient.netty.handler.HttpHandler - 

Request DefaultHttpRequest(decodeResult: success, version: HTTP/1.1)
POST /session/36b004e67a2d30bd3f551bc813550c8a/element HTTP/1.1
User-Agent: selenium/4.1.2 (java windows)
Content-Length: 89
Content-Type: application/json; charset=utf-8
host: localhost:63751
accept: */*

Response DefaultHttpResponse(decodeResult: success, version: HTTP/1.1)
HTTP/1.1 200 OK
Content-Type: application/json; charset=utf-8
cache-control: no-cache
content-length: 88

19:25:16.824 [AsyncHttpClient-1-2] DEBUG org.asynchttpclient.netty.channel.ChannelManager - Adding key: http://localhost:63751 for channel [id: 0x074035ae, L:/127.0.0.1:56601 - R:localhost/127.0.0.1:63751]
19:25:16.829 [Forwarding clearElement on session 36b004e67a2d30bd3f551bc813550c8a to remote] DEBUG org.asynchttpclient.netty.request.NettyRequestSender - Using pooled Channel '[id: 0x074035ae, L:/127.0.0.1:56601 - R:localhost/127.0.0.1:63751]' for 'POST' to 'http://localhost:63751/session/36b004e67a2d30bd3f551bc813550c8a/element/b6003e7d-1e0b-4a61-b7d1-c007286c025c/clear'
19:25:16.829 [Forwarding clearElement on session 36b004e67a2d30bd3f551bc813550c8a to remote] DEBUG org.asynchttpclient.netty.request.NettyRequestSender - Using open Channel [id: 0x074035ae, L:/127.0.0.1:56601 - R:localhost/127.0.0.1:63751] for POST '/session/36b004e67a2d30bd3f551bc813550c8a/element/b6003e7d-1e0b-4a61-b7d1-c007286c025c/clear'
19:25:16.886 [AsyncHttpClient-1-2] DEBUG org.asynchttpclient.netty.handler.HttpHandler - 

Request DefaultHttpRequest(decodeResult: success, version: HTTP/1.1)
POST /session/36b004e67a2d30bd3f551bc813550c8a/element/b6003e7d-1e0b-4a61-b7d1-c007286c025c/clear HTTP/1.1
User-Agent: selenium/4.1.2 (java windows)
Content-Length: 50
Content-Type: application/json; charset=utf-8
host: localhost:63751
accept: */*

Response DefaultHttpResponse(decodeResult: success, version: HTTP/1.1)
HTTP/1.1 200 OK
Content-Type: application/json; charset=utf-8
cache-control: no-cache
content-length: 14

19:25:16.886 [AsyncHttpClient-1-2] DEBUG org.asynchttpclient.netty.channel.ChannelManager - Adding key: http://localhost:63751 for channel [id: 0x074035ae, L:/127.0.0.1:56601 - R:localhost/127.0.0.1:63751]
19:25:16.891 [Forwarding sendKeysToElement on session 36b004e67a2d30bd3f551bc813550c8a to remote] DEBUG org.asynchttpclient.netty.request.NettyRequestSender - Using pooled Channel '[id: 0x074035ae, L:/127.0.0.1:56601 - R:localhost/127.0.0.1:63751]' for 'POST' to 'http://localhost:63751/session/36b004e67a2d30bd3f551bc813550c8a/element/b6003e7d-1e0b-4a61-b7d1-c007286c025c/value'
19:25:16.891 [Forwarding sendKeysToElement on session 36b004e67a2d30bd3f551bc813550c8a to remote] DEBUG org.asynchttpclient.netty.request.NettyRequestSender - Using open Channel [id: 0x074035ae, L:/127.0.0.1:56601 - R:localhost/127.0.0.1:63751] for POST '/session/36b004e67a2d30bd3f551bc813550c8a/element/b6003e7d-1e0b-4a61-b7d1-c007286c025c/value'
19:25:17.029 [AsyncHttpClient-1-2] DEBUG org.asynchttpclient.netty.handler.HttpHandler - 

Request DefaultHttpRequest(decodeResult: success, version: HTTP/1.1)
POST /session/36b004e67a2d30bd3f551bc813550c8a/element/b6003e7d-1e0b-4a61-b7d1-c007286c025c/value HTTP/1.1
User-Agent: selenium/4.1.2 (java windows)
Content-Length: 141
Content-Type: application/json; charset=utf-8
host: localhost:63751
accept: */*

Response DefaultHttpResponse(decodeResult: success, version: HTTP/1.1)
HTTP/1.1 200 OK
Content-Type: application/json; charset=utf-8
cache-control: no-cache
content-length: 14

19:25:17.031 [AsyncHttpClient-1-2] DEBUG org.asynchttpclient.netty.channel.ChannelManager - Adding key: http://localhost:63751 for channel [id: 0x074035ae, L:/127.0.0.1:56601 - R:localhost/127.0.0.1:63751]
19:25:17.051 [Forwarding screenshot on session 36b004e67a2d30bd3f551bc813550c8a to remote] DEBUG org.asynchttpclient.netty.request.NettyRequestSender - Using pooled Channel '[id: 0x074035ae, L:/127.0.0.1:56601 - R:localhost/127.0.0.1:63751]' for 'GET' to 'http://localhost:63751/session/36b004e67a2d30bd3f551bc813550c8a/screenshot'
19:25:17.051 [Forwarding screenshot on session 36b004e67a2d30bd3f551bc813550c8a to remote] DEBUG org.asynchttpclient.netty.request.NettyRequestSender - Using open Channel [id: 0x074035ae, L:/127.0.0.1:56601 - R:localhost/127.0.0.1:63751] for GET '/session/36b004e67a2d30bd3f551bc813550c8a/screenshot'
19:25:17.248 [AsyncHttpClient-1-2] DEBUG org.asynchttpclient.netty.handler.HttpHandler - 

Request DefaultFullHttpRequest(decodeResult: success, version: HTTP/1.1, content: EmptyByteBufBE)
GET /session/36b004e67a2d30bd3f551bc813550c8a/screenshot HTTP/1.1
User-Agent: selenium/4.1.2 (java windows)
Cache-Control: no-cache
Content-Type: application/json; charset=utf-8
host: localhost:63751
accept: */*

Response DefaultHttpResponse(decodeResult: success, version: HTTP/1.1)
HTTP/1.1 200 OK
Content-Type: application/json; charset=utf-8
cache-control: no-cache
content-length: 49848

19:25:17.251 [AsyncHttpClient-1-2] DEBUG org.asynchttpclient.netty.channel.ChannelManager - Adding key: http://localhost:63751 for channel [id: 0x074035ae, L:/127.0.0.1:56601 - R:localhost/127.0.0.1:63751]
19:25:17.258 [main] DEBUG net.serenitybdd.core.photography.Darkroom - Send negative for processing for target\site\serenity\9b69dea1fc8803813db694e679fab8895f1d14c6e8f7a09799af598014491b56.png
19:25:17.258 [main] DEBUG net.thucydides.core.steps.StepInterceptor - STEP DONE: inputPassword
  &amp#27;[32mAnd &amp#27;[0m&amp#27;[32mi input &amp#27;[0m&amp#27;[32m&amp#27;[1m"gladys"&amp#27;[0m&amp#27;[32m password&amp#27;[0m            &amp#27;[90m# starter.stepdefinitions.stepdefinition.iInputPassword(java.lang.String)&amp#27;[0m
19:25:17.258 [Darkroom Processing Line] DEBUG net.serenitybdd.core.photography.DarkroomProcessingLine - Processing screenshot image in /var/screenshots/screenshot-2649869645651907890
19:25:17.258 [Darkroom Processing Line] DEBUG net.serenitybdd.core.photography.DarkroomProcessingLine - Saving screenshot to target\site\serenity\9b69dea1fc8803813db694e679fab8895f1d14c6e8f7a09799af598014491b56.png
19:25:17.301 [main] DEBUG net.thucydides.core.steps.StepInterceptor - STARTING STEP: stepdefinition.clickLoginButton - clickLogin
19:25:17.306 [Forwarding findElement on session 36b004e67a2d30bd3f551bc813550c8a to remote] DEBUG org.asynchttpclient.netty.request.NettyRequestSender - Using pooled Channel '[id: 0x074035ae, L:/127.0.0.1:56601 - R:localhost/127.0.0.1:63751]' for 'POST' to 'http://localhost:63751/session/36b004e67a2d30bd3f551bc813550c8a/element'
19:25:17.306 [Forwarding findElement on session 36b004e67a2d30bd3f551bc813550c8a to remote] DEBUG org.asynchttpclient.netty.request.NettyRequestSender - Using open Channel [id: 0x074035ae, L:/127.0.0.1:56601 - R:localhost/127.0.0.1:63751] for POST '/session/36b004e67a2d30bd3f551bc813550c8a/element'
19:25:17.311 [AsyncHttpClient-1-1] DEBUG org.asynchttpclient.netty.channel.DefaultChannelPool - Entry count for : http://localhost:56602 : 1
19:25:17.326 [AsyncHttpClient-1-2] DEBUG org.asynchttpclient.netty.handler.HttpHandler - 

Request DefaultHttpRequest(decodeResult: success, version: HTTP/1.1)
POST /session/36b004e67a2d30bd3f551bc813550c8a/element HTTP/1.1
User-Agent: selenium/4.1.2 (java windows)
Content-Length: 72
Content-Type: application/json; charset=utf-8
host: localhost:63751
accept: */*

Response DefaultHttpResponse(decodeResult: success, version: HTTP/1.1)
HTTP/1.1 200 OK
Content-Type: application/json; charset=utf-8
cache-control: no-cache
content-length: 88

19:25:17.326 [AsyncHttpClient-1-2] DEBUG org.asynchttpclient.netty.channel.ChannelManager - Adding key: http://localhost:63751 for channel [id: 0x074035ae, L:/127.0.0.1:56601 - R:localhost/127.0.0.1:63751]
19:25:17.333 [Forwarding getElementTagName on session 36b004e67a2d30bd3f551bc813550c8a to remote] DEBUG org.asynchttpclient.netty.request.NettyRequestSender - Using pooled Channel '[id: 0x074035ae, L:/127.0.0.1:56601 - R:localhost/127.0.0.1:63751]' for 'GET' to 'http://localhost:63751/session/36b004e67a2d30bd3f551bc813550c8a/element/4467dab1-6845-467d-98f4-5137ae68a410/name'
19:25:17.333 [Forwarding getElementTagName on session 36b004e67a2d30bd3f551bc813550c8a to remote] DEBUG org.asynchttpclient.netty.request.NettyRequestSender - Using open Channel [id: 0x074035ae, L:/127.0.0.1:56601 - R:localhost/127.0.0.1:63751] for GET '/session/36b004e67a2d30bd3f551bc813550c8a/element/4467dab1-6845-467d-98f4-5137ae68a410/name'
19:25:17.341 [AsyncHttpClient-1-2] DEBUG org.asynchttpclient.netty.handler.HttpHandler - 

Request DefaultFullHttpRequest(decodeResult: success, version: HTTP/1.1, content: EmptyByteBufBE)
GET /session/36b004e67a2d30bd3f551bc813550c8a/element/4467dab1-6845-467d-98f4-5137ae68a410/name HTTP/1.1
User-Agent: selenium/4.1.2 (java windows)
Cache-Control: no-cache
Content-Type: application/json; charset=utf-8
host: localhost:63751
accept: */*

Response DefaultHttpResponse(decodeResult: success, version: HTTP/1.1)
HTTP/1.1 200 OK
Content-Type: application/json; charset=utf-8
cache-control: no-cache
content-length: 18

19:25:17.343 [AsyncHttpClient-1-2] DEBUG org.asynchttpclient.netty.channel.ChannelManager - Adding key: http://localhost:63751 for channel [id: 0x074035ae, L:/127.0.0.1:56601 - R:localhost/127.0.0.1:63751]
19:25:17.346 [Forwarding getElementTagName on session 36b004e67a2d30bd3f551bc813550c8a to remote] DEBUG org.asynchttpclient.netty.request.NettyRequestSender - Using pooled Channel '[id: 0x074035ae, L:/127.0.0.1:56601 - R:localhost/127.0.0.1:63751]' for 'GET' to 'http://localhost:63751/session/36b004e67a2d30bd3f551bc813550c8a/element/4467dab1-6845-467d-98f4-5137ae68a410/name'
19:25:17.346 [Forwarding getElementTagName on session 36b004e67a2d30bd3f551bc813550c8a to remote] DEBUG org.asynchttpclient.netty.request.NettyRequestSender - Using open Channel [id: 0x074035ae, L:/127.0.0.1:56601 - R:localhost/127.0.0.1:63751] for GET '/session/36b004e67a2d30bd3f551bc813550c8a/element/4467dab1-6845-467d-98f4-5137ae68a410/name'
19:25:17.356 [AsyncHttpClient-1-2] DEBUG org.asynchttpclient.netty.handler.HttpHandler - 

Request DefaultFullHttpRequest(decodeResult: success, version: HTTP/1.1, content: EmptyByteBufBE)
GET /session/36b004e67a2d30bd3f551bc813550c8a/element/4467dab1-6845-467d-98f4-5137ae68a410/name HTTP/1.1
User-Agent: selenium/4.1.2 (java windows)
Cache-Control: no-cache
Content-Type: application/json; charset=utf-8
host: localhost:63751
accept: */*

Response DefaultHttpResponse(decodeResult: success, version: HTTP/1.1)
HTTP/1.1 200 OK
Content-Type: application/json; charset=utf-8
cache-control: no-cache
content-length: 18

19:25:17.356 [AsyncHttpClient-1-2] DEBUG org.asynchttpclient.netty.channel.ChannelManager - Adding key: http://localhost:63751 for channel [id: 0x074035ae, L:/127.0.0.1:56601 - R:localhost/127.0.0.1:63751]
19:25:17.363 [Forwarding isElementEnabled on session 36b004e67a2d30bd3f551bc813550c8a to remote] DEBUG org.asynchttpclient.netty.request.NettyRequestSender - Using pooled Channel '[id: 0x074035ae, L:/127.0.0.1:56601 - R:localhost/127.0.0.1:63751]' for 'GET' to 'http://localhost:63751/session/36b004e67a2d30bd3f551bc813550c8a/element/4467dab1-6845-467d-98f4-5137ae68a410/enabled'
19:25:17.366 [Forwarding isElementEnabled on session 36b004e67a2d30bd3f551bc813550c8a to remote] DEBUG org.asynchttpclient.netty.request.NettyRequestSender - Using open Channel [id: 0x074035ae, L:/127.0.0.1:56601 - R:localhost/127.0.0.1:63751] for GET '/session/36b004e67a2d30bd3f551bc813550c8a/element/4467dab1-6845-467d-98f4-5137ae68a410/enabled'
19:25:17.382 [AsyncHttpClient-1-2] DEBUG org.asynchttpclient.netty.handler.HttpHandler - 

Request DefaultFullHttpRequest(decodeResult: success, version: HTTP/1.1, content: EmptyByteBufBE)
GET /session/36b004e67a2d30bd3f551bc813550c8a/element/4467dab1-6845-467d-98f4-5137ae68a410/enabled HTTP/1.1
User-Agent: selenium/4.1.2 (java windows)
Cache-Control: no-cache
Content-Type: application/json; charset=utf-8
host: localhost:63751
accept: */*

Response DefaultHttpResponse(decodeResult: success, version: HTTP/1.1)
HTTP/1.1 200 OK
Content-Type: application/json; charset=utf-8
cache-control: no-cache
content-length: 14

19:25:17.382 [AsyncHttpClient-1-2] DEBUG org.asynchttpclient.netty.channel.ChannelManager - Adding key: http://localhost:63751 for channel [id: 0x074035ae, L:/127.0.0.1:56601 - R:localhost/127.0.0.1:63751]
19:25:17.387 [Forwarding isElementEnabled on session 36b004e67a2d30bd3f551bc813550c8a to remote] DEBUG org.asynchttpclient.netty.request.NettyRequestSender - Using pooled Channel '[id: 0x074035ae, L:/127.0.0.1:56601 - R:localhost/127.0.0.1:63751]' for 'GET' to 'http://localhost:63751/session/36b004e67a2d30bd3f551bc813550c8a/element/4467dab1-6845-467d-98f4-5137ae68a410/enabled'
19:25:17.387 [Forwarding isElementEnabled on session 36b004e67a2d30bd3f551bc813550c8a to remote] DEBUG org.asynchttpclient.netty.request.NettyRequestSender - Using open Channel [id: 0x074035ae, L:/127.0.0.1:56601 - R:localhost/127.0.0.1:63751] for GET '/session/36b004e67a2d30bd3f551bc813550c8a/element/4467dab1-6845-467d-98f4-5137ae68a410/enabled'
19:25:17.397 [AsyncHttpClient-1-2] DEBUG org.asynchttpclient.netty.handler.HttpHandler - 

Request DefaultFullHttpRequest(decodeResult: success, version: HTTP/1.1, content: EmptyByteBufBE)
GET /session/36b004e67a2d30bd3f551bc813550c8a/element/4467dab1-6845-467d-98f4-5137ae68a410/enabled HTTP/1.1
User-Agent: selenium/4.1.2 (java windows)
Cache-Control: no-cache
Content-Type: application/json; charset=utf-8
host: localhost:63751
accept: */*

Response DefaultHttpResponse(decodeResult: success, version: HTTP/1.1)
HTTP/1.1 200 OK
Content-Type: application/json; charset=utf-8
cache-control: no-cache
content-length: 14

19:25:17.400 [AsyncHttpClient-1-2] DEBUG org.asynchttpclient.netty.channel.ChannelManager - Adding key: http://localhost:63751 for channel [id: 0x074035ae, L:/127.0.0.1:56601 - R:localhost/127.0.0.1:63751]
19:25:17.405 [Forwarding findElement on session 36b004e67a2d30bd3f551bc813550c8a to remote] DEBUG org.asynchttpclient.netty.request.NettyRequestSender - Using pooled Channel '[id: 0x074035ae, L:/127.0.0.1:56601 - R:localhost/127.0.0.1:63751]' for 'POST' to 'http://localhost:63751/session/36b004e67a2d30bd3f551bc813550c8a/element'
19:25:17.405 [Forwarding findElement on session 36b004e67a2d30bd3f551bc813550c8a to remote] DEBUG org.asynchttpclient.netty.request.NettyRequestSender - Using open Channel [id: 0x074035ae, L:/127.0.0.1:56601 - R:localhost/127.0.0.1:63751] for POST '/session/36b004e67a2d30bd3f551bc813550c8a/element'
19:25:17.417 [AsyncHttpClient-1-2] DEBUG org.asynchttpclient.netty.handler.HttpHandler - 

Request DefaultHttpRequest(decodeResult: success, version: HTTP/1.1)
POST /session/36b004e67a2d30bd3f551bc813550c8a/element HTTP/1.1
User-Agent: selenium/4.1.2 (java windows)
Content-Length: 72
Content-Type: application/json; charset=utf-8
host: localhost:63751
accept: */*

Response DefaultHttpResponse(decodeResult: success, version: HTTP/1.1)
HTTP/1.1 200 OK
Content-Type: application/json; charset=utf-8
cache-control: no-cache
content-length: 88

19:25:17.417 [AsyncHttpClient-1-2] DEBUG org.asynchttpclient.netty.channel.ChannelManager - Adding key: http://localhost:63751 for channel [id: 0x074035ae, L:/127.0.0.1:56601 - R:localhost/127.0.0.1:63751]
19:25:17.422 [Forwarding clickElement on session 36b004e67a2d30bd3f551bc813550c8a to remote] DEBUG org.asynchttpclient.netty.request.NettyRequestSender - Using pooled Channel '[id: 0x074035ae, L:/127.0.0.1:56601 - R:localhost/127.0.0.1:63751]' for 'POST' to 'http://localhost:63751/session/36b004e67a2d30bd3f551bc813550c8a/element/4467dab1-6845-467d-98f4-5137ae68a410/click'
19:25:17.422 [Forwarding clickElement on session 36b004e67a2d30bd3f551bc813550c8a to remote] DEBUG org.asynchttpclient.netty.request.NettyRequestSender - Using open Channel [id: 0x074035ae, L:/127.0.0.1:56601 - R:localhost/127.0.0.1:63751] for POST '/session/36b004e67a2d30bd3f551bc813550c8a/element/4467dab1-6845-467d-98f4-5137ae68a410/click'
19:25:17.490 [AsyncHttpClient-1-2] DEBUG org.asynchttpclient.netty.handler.HttpHandler - 

Request DefaultHttpRequest(decodeResult: success, version: HTTP/1.1)
POST /session/36b004e67a2d30bd3f551bc813550c8a/element/4467dab1-6845-467d-98f4-5137ae68a410/click HTTP/1.1
User-Agent: selenium/4.1.2 (java windows)
Content-Length: 50
Content-Type: application/json; charset=utf-8
host: localhost:63751
accept: */*

Response DefaultHttpResponse(decodeResult: success, version: HTTP/1.1)
HTTP/1.1 200 OK
Content-Type: application/json; charset=utf-8
cache-control: no-cache
content-length: 14

19:25:17.490 [AsyncHttpClient-1-2] DEBUG org.asynchttpclient.netty.channel.ChannelManager - Adding key: http://localhost:63751 for channel [id: 0x074035ae, L:/127.0.0.1:56601 - R:localhost/127.0.0.1:63751]
19:25:17.505 [Forwarding screenshot on session 36b004e67a2d30bd3f551bc813550c8a to remote] DEBUG org.asynchttpclient.netty.request.NettyRequestSender - Using pooled Channel '[id: 0x074035ae, L:/127.0.0.1:56601 - R:localhost/127.0.0.1:63751]' for 'GET' to 'http://localhost:63751/session/36b004e67a2d30bd3f551bc813550c8a/screenshot'
19:25:17.505 [Forwarding screenshot on session 36b004e67a2d30bd3f551bc813550c8a to remote] DEBUG org.asynchttpclient.netty.request.NettyRequestSender - Using open Channel [id: 0x074035ae, L:/127.0.0.1:56601 - R:localhost/127.0.0.1:63751] for GET '/session/36b004e67a2d30bd3f551bc813550c8a/screenshot'
19:25:17.953 [AsyncHttpClient-1-2] DEBUG org.asynchttpclient.netty.handler.HttpHandler - 

Request DefaultFullHttpRequest(decodeResult: success, version: HTTP/1.1, content: EmptyByteBufBE)
GET /session/36b004e67a2d30bd3f551bc813550c8a/screenshot HTTP/1.1
User-Agent: selenium/4.1.2 (java windows)
Cache-Control: no-cache
Content-Type: application/json; charset=utf-8
host: localhost:63751
accept: */*

Response DefaultHttpResponse(decodeResult: success, version: HTTP/1.1)
HTTP/1.1 200 OK
Content-Type: application/json; charset=utf-8
cache-control: no-cache
content-length: 49364

19:25:17.956 [AsyncHttpClient-1-2] DEBUG org.asynchttpclient.netty.channel.ChannelManager - Adding key: http://localhost:63751 for channel [id: 0x074035ae, L:/127.0.0.1:56601 - R:localhost/127.0.0.1:63751]
19:25:17.958 [main] DEBUG net.serenitybdd.core.photography.Darkroom - Send negative for processing for target\site\serenity\e85fc491d44010a80af8f303c462918ce4b96c7bf5b15b27b627291ff2f9757d.png
19:25:17.961 [main] DEBUG net.thucydides.core.steps.StepInterceptor - STEP DONE: clickLogin
19:25:17.961 [Darkroom Processing Line] DEBUG net.serenitybdd.core.photography.DarkroomProcessingLine - Processing screenshot image in /var/screenshots/screenshot-2589744245688425631
19:25:17.961 [Darkroom Processing Line] DEBUG net.serenitybdd.core.photography.DarkroomProcessingLine - Saving screenshot to target\site\serenity\e85fc491d44010a80af8f303c462918ce4b96c7bf5b15b27b627291ff2f9757d.png
  &amp#27;[32mAnd &amp#27;[0m&amp#27;[32mclick login button&amp#27;[0m                   &amp#27;[90m# starter.stepdefinitions.stepdefinition.clickLoginButton()&amp#27;[0m
19:25:17.994 [main] DEBUG net.thucydides.core.steps.StepInterceptor - STARTING STEP: stepdefinition.iGetThe - homePageAppear
19:25:18.000 [Forwarding findElement on session 36b004e67a2d30bd3f551bc813550c8a to remote] DEBUG org.asynchttpclient.netty.request.NettyRequestSender - Using pooled Channel '[id: 0x074035ae, L:/127.0.0.1:56601 - R:localhost/127.0.0.1:63751]' for 'POST' to 'http://localhost:63751/session/36b004e67a2d30bd3f551bc813550c8a/element'
19:25:18.000 [Forwarding findElement on session 36b004e67a2d30bd3f551bc813550c8a to remote] DEBUG org.asynchttpclient.netty.request.NettyRequestSender - Using open Channel [id: 0x074035ae, L:/127.0.0.1:56601 - R:localhost/127.0.0.1:63751] for POST '/session/36b004e67a2d30bd3f551bc813550c8a/element'
19:25:18.010 [AsyncHttpClient-1-2] DEBUG org.asynchttpclient.netty.handler.HttpHandler - 

Request DefaultHttpRequest(decodeResult: success, version: HTTP/1.1)
POST /session/36b004e67a2d30bd3f551bc813550c8a/element HTTP/1.1
User-Agent: selenium/4.1.2 (java windows)
Content-Length: 53
Content-Type: application/json; charset=utf-8
host: localhost:63751
accept: */*

Response DefaultHttpResponse(decodeResult: success, version: HTTP/1.1)
HTTP/1.1 400 Bad Request
Content-Type: application/json; charset=utf-8
cache-control: no-cache
content-length: 958

19:25:18.010 [AsyncHttpClient-1-2] DEBUG org.asynchttpclient.netty.channel.ChannelManager - Adding key: http://localhost:63751 for channel [id: 0x074035ae, L:/127.0.0.1:56601 - R:localhost/127.0.0.1:63751]
19:25:18.035 [Forwarding findElement on session 36b004e67a2d30bd3f551bc813550c8a to remote] DEBUG org.asynchttpclient.netty.request.NettyRequestSender - Using pooled Channel '[id: 0x074035ae, L:/127.0.0.1:56601 - R:localhost/127.0.0.1:63751]' for 'POST' to 'http://localhost:63751/session/36b004e67a2d30bd3f551bc813550c8a/element'
19:25:18.035 [Forwarding findElement on session 36b004e67a2d30bd3f551bc813550c8a to remote] DEBUG org.asynchttpclient.netty.request.NettyRequestSender - Using open Channel [id: 0x074035ae, L:/127.0.0.1:56601 - R:localhost/127.0.0.1:63751] for POST '/session/36b004e67a2d30bd3f551bc813550c8a/element'
19:25:18.060 [AsyncHttpClient-1-2] DEBUG org.asynchttpclient.netty.handler.HttpHandler - 

Request DefaultHttpRequest(decodeResult: success, version: HTTP/1.1)
POST /session/36b004e67a2d30bd3f551bc813550c8a/element HTTP/1.1
User-Agent: selenium/4.1.2 (java windows)
Content-Length: 63
Content-Type: application/json; charset=utf-8
host: localhost:63751
accept: */*

Response DefaultHttpResponse(decodeResult: success, version: HTTP/1.1)
HTTP/1.1 200 OK
Content-Type: application/json; charset=utf-8
cache-control: no-cache
content-length: 88

19:25:18.063 [AsyncHttpClient-1-2] DEBUG org.asynchttpclient.netty.channel.ChannelManager - Adding key: http://localhost:63751 for channel [id: 0x074035ae, L:/127.0.0.1:56601 - R:localhost/127.0.0.1:63751]
19:25:18.083 [Forwarding isElementDisplayed on session 36b004e67a2d30bd3f551bc813550c8a to remote] DEBUG org.asynchttpclient.netty.request.NettyRequestSender - Using pooled Channel '[id: 0x074035ae, L:/127.0.0.1:56601 - R:localhost/127.0.0.1:63751]' for 'POST' to 'http://localhost:63751/session/36b004e67a2d30bd3f551bc813550c8a/execute/sync'
19:25:18.083 [Forwarding isElementDisplayed on session 36b004e67a2d30bd3f551bc813550c8a to remote] DEBUG org.asynchttpclient.netty.request.NettyRequestSender - Using open Channel [id: 0x074035ae, L:/127.0.0.1:56601 - R:localhost/127.0.0.1:63751] for POST '/session/36b004e67a2d30bd3f551bc813550c8a/execute/sync'
19:25:18.408 [AsyncHttpClient-1-1] DEBUG org.asynchttpclient.netty.channel.DefaultChannelPool - Entry count for : http://localhost:56602 : 1
19:25:18.565 [AsyncHttpClient-1-2] DEBUG org.asynchttpclient.netty.handler.HttpHandler - 

Request DefaultHttpRequest(decodeResult: success, version: HTTP/1.1)
POST /session/36b004e67a2d30bd3f551bc813550c8a/execute/sync HTTP/1.1
User-Agent: selenium/4.1.2 (java windows)
Content-Length: 48780
Content-Type: application/json; charset=utf-8
host: localhost:63751
accept: */*

Response DefaultHttpResponse(decodeResult: success, version: HTTP/1.1)
HTTP/1.1 200 OK
Content-Type: application/json; charset=utf-8
cache-control: no-cache
content-length: 14

19:25:18.565 [AsyncHttpClient-1-2] DEBUG org.asynchttpclient.netty.channel.ChannelManager - Adding key: http://localhost:63751 for channel [id: 0x074035ae, L:/127.0.0.1:56601 - R:localhost/127.0.0.1:63751]
19:25:18.582 [Forwarding screenshot on session 36b004e67a2d30bd3f551bc813550c8a to remote] DEBUG org.asynchttpclient.netty.request.NettyRequestSender - Using pooled Channel '[id: 0x074035ae, L:/127.0.0.1:56601 - R:localhost/127.0.0.1:63751]' for 'GET' to 'http://localhost:63751/session/36b004e67a2d30bd3f551bc813550c8a/screenshot'
19:25:18.582 [Forwarding screenshot on session 36b004e67a2d30bd3f551bc813550c8a to remote] DEBUG org.asynchttpclient.netty.request.NettyRequestSender - Using open Channel [id: 0x074035ae, L:/127.0.0.1:56601 - R:localhost/127.0.0.1:63751] for GET '/session/36b004e67a2d30bd3f551bc813550c8a/screenshot'
19:25:18.835 [AsyncHttpClient-1-2] DEBUG org.asynchttpclient.netty.handler.HttpHandler - 

Request DefaultFullHttpRequest(decodeResult: success, version: HTTP/1.1, content: EmptyByteBufBE)
GET /session/36b004e67a2d30bd3f551bc813550c8a/screenshot HTTP/1.1
User-Agent: selenium/4.1.2 (java windows)
Cache-Control: no-cache
Content-Type: application/json; charset=utf-8
host: localhost:63751
accept: */*

Response DefaultHttpResponse(decodeResult: success, version: HTTP/1.1)
HTTP/1.1 200 OK
Content-Type: application/json; charset=utf-8
cache-control: no-cache
content-length: 50776

19:25:18.838 [AsyncHttpClient-1-2] DEBUG org.asynchttpclient.netty.channel.ChannelManager - Adding key: http://localhost:63751 for channel [id: 0x074035ae, L:/127.0.0.1:56601 - R:localhost/127.0.0.1:63751]
19:25:18.845 [main] DEBUG net.serenitybdd.core.photography.Darkroom - Send negative for processing for target\site\serenity\017f42a27c6f40f9077e00ebc2617dae67674d6e7204618586ecb0ff960261e9.png
19:25:18.845 [main] DEBUG net.thucydides.core.steps.StepInterceptor - STEP DONE: homePageAppear
19:25:18.845 [Darkroom Processing Line] DEBUG net.serenitybdd.core.photography.DarkroomProcessingLine - Processing screenshot image in /var/screenshots/screenshot-8496029170674133085
19:25:18.845 [Darkroom Processing Line] DEBUG net.serenitybdd.core.photography.DarkroomProcessingLine - Saving screenshot to target\site\serenity\017f42a27c6f40f9077e00ebc2617dae67674d6e7204618586ecb0ff960261e9.png
  &amp#27;[32mThen &amp#27;[0m&amp#27;[32mi get the &amp#27;[0m&amp#27;[32m&amp#27;[1m"home page"&amp#27;[0m               &amp#27;[90m# starter.stepdefinitions.stepdefinition.iGetThe(java.lang.String)&amp#27;[0m
19:25:19.138 [AsyncHttpClient-1-4] DEBUG org.asynchttpclient.netty.handler.WebSocketHandler - Channel Closed: [id: 0x692dcd43, L:/127.0.0.1:56617 ! R:localhost/127.0.0.1:56602] with attribute NettyResponseFuture{currentRetry=5,
	isDone=1,
	isCancelled=0,
	asyncHandler=org.asynchttpclient.ws.WebSocketUpgradeHandler@a75ba77,
	nettyRequest=org.asynchttpclient.netty.request.NettyRequest@31f7e499,
	future=java.util.concurrent.CompletableFuture@c22a978[Completed normally],
	uri=ws://localhost:56602/devtools/browser/67378fb2-4835-4001-a947-e1608f8d4a3e,
	keepAlive=true,
	redirectCount=0,
	timeoutsHolder=null,
	inAuth=0,
	touch=1651321510280}
19:25:19.141 [AsyncHttpClient-1-4] DEBUG org.asynchttpclient.netty.channel.ChannelManager - Closing Channel [id: 0x692dcd43, L:/127.0.0.1:56617 ! R:localhost/127.0.0.1:56602] 
19:25:19.148 [Driver Command Executor] DEBUG org.asynchttpclient.netty.request.NettyRequestSender - Using pooled Channel '[id: 0x074035ae, L:/127.0.0.1:56601 - R:localhost/127.0.0.1:63751]' for 'DELETE' to 'http://localhost:63751/session/36b004e67a2d30bd3f551bc813550c8a'
19:25:19.151 [Driver Command Executor] DEBUG org.asynchttpclient.netty.request.NettyRequestSender - Using open Channel [id: 0x074035ae, L:/127.0.0.1:56601 - R:localhost/127.0.0.1:63751] for DELETE '/session/36b004e67a2d30bd3f551bc813550c8a'
19:25:19.505 [AsyncHttpClient-1-3] DEBUG org.asynchttpclient.netty.handler.HttpHandler - Unexpected I/O exception on channel [id: 0x1c7aa07d, L:/127.0.0.1:56616 - R:localhost/127.0.0.1:56602]
java.net.SocketException: Connection reset
	at java.base/sun.nio.ch.SocketChannelImpl.throwConnectionReset(SocketChannelImpl.java:367)
	at java.base/sun.nio.ch.SocketChannelImpl.read(SocketChannelImpl.java:398)
	at io.netty.buffer.PooledByteBuf.setBytes(PooledByteBuf.java:258)
	at io.netty.buffer.AbstractByteBuf.writeBytes(AbstractByteBuf.java:1132)
	at io.netty.channel.socket.nio.NioSocketChannel.doReadBytes(NioSocketChannel.java:350)
	at io.netty.channel.nio.AbstractNioByteChannel$NioByteUnsafe.read(AbstractNioByteChannel.java:151)
	at io.netty.channel.nio.NioEventLoop.processSelectedKey(NioEventLoop.java:722)
	at io.netty.channel.nio.NioEventLoop.processSelectedKeysOptimized(NioEventLoop.java:658)
	at io.netty.channel.nio.NioEventLoop.processSelectedKeys(NioEventLoop.java:584)
	at io.netty.channel.nio.NioEventLoop.run(NioEventLoop.java:496)
	at io.netty.util.concurrent.SingleThreadEventExecutor$4.run(SingleThreadEventExecutor.java:986)
	at io.netty.util.internal.ThreadExecutorMap$2.run(ThreadExecutorMap.java:74)
	at io.netty.util.concurrent.FastThreadLocalRunnable.run(FastThreadLocalRunnable.java:30)
	at java.base/java.lang.Thread.run(Thread.java:832)
19:25:19.505 [AsyncHttpClient-1-3] DEBUG org.asynchttpclient.netty.channel.ChannelManager - Closing Channel [id: 0x1c7aa07d, L:/127.0.0.1:56616 - R:localhost/127.0.0.1:56602] 
19:25:19.510 [AsyncHttpClient-1-1] DEBUG org.asynchttpclient.netty.channel.DefaultChannelPool - Entry count for : http://localhost:56602 : 1
19:25:19.510 [AsyncHttpClient-1-1] DEBUG org.asynchttpclient.netty.channel.DefaultChannelPool - Adding Candidate expired Channel [id: 0x1c7aa07d, L:/127.0.0.1:56616 ! R:localhost/127.0.0.1:56602] isIdleTimeoutExpired=false isRemotelyClosed=true isTtlExpired=false
19:25:19.510 [AsyncHttpClient-1-1] DEBUG org.asynchttpclient.netty.channel.DefaultChannelPool - Closing Idle Channel [id: 0x1c7aa07d, L:/127.0.0.1:56616 ! R:localhost/127.0.0.1:56602]
19:25:19.510 [AsyncHttpClient-1-3] DEBUG org.asynchttpclient.netty.handler.HttpHandler - Channel Closed: [id: 0x1c7aa07d, L:/127.0.0.1:56616 ! R:localhost/127.0.0.1:56602] with attribute DISCARD
19:25:19.510 [AsyncHttpClient-1-1] DEBUG org.asynchttpclient.netty.channel.DefaultChannelPool - Closed 1 connections out of 1 in 0 ms
19:25:19.563 [AsyncHttpClient-1-2] DEBUG org.asynchttpclient.netty.handler.HttpHandler - 

Request DefaultFullHttpRequest(decodeResult: success, version: HTTP/1.1, content: EmptyByteBufBE)
[...]
19:26:48.911 [Forwarding isElementEnabled on session d9454d953e25f098eb13b689e7306cf4 to remote] DEBUG org.asynchttpclient.netty.request.NettyRequestSender - Using pooled Channel '[id: 0x515be658, L:/127.0.0.1:56909 - R:localhost/127.0.0.1:57305]' for 'GET' to 'http://localhost:57305/session/d9454d953e25f098eb13b689e7306cf4/element/664cfdf9-d8f6-4749-9350-a37f49b38932/enabled'
19:26:48.911 [Forwarding isElementEnabled on session d9454d953e25f098eb13b689e7306cf4 to remote] DEBUG org.asynchttpclient.netty.request.NettyRequestSender - Using open Channel [id: 0x515be658, L:/127.0.0.1:56909 - R:localhost/127.0.0.1:57305] for GET '/session/d9454d953e25f098eb13b689e7306cf4/element/664cfdf9-d8f6-4749-9350-a37f49b38932/enabled'
19:26:48.921 [AsyncHttpClient-1-7] DEBUG org.asynchttpclient.netty.handler.HttpHandler - 

Request DefaultFullHttpRequest(decodeResult: success, version: HTTP/1.1, content: EmptyByteBufBE)
GET /session/d9454d953e25f098eb13b689e7306cf4/element/664cfdf9-d8f6-4749-9350-a37f49b38932/enabled HTTP/1.1
User-Agent: selenium/4.1.2 (java windows)
Cache-Control: no-cache
Content-Type: application/json; charset=utf-8
host: localhost:57305
accept: */*

Response DefaultHttpResponse(decodeResult: success, version: HTTP/1.1)
HTTP/1.1 200 OK
Content-Type: application/json; charset=utf-8
cache-control: no-cache
content-length: 14

19:26:48.921 [AsyncHttpClient-1-7] DEBUG org.asynchttpclient.netty.channel.ChannelManager - Adding key: http://localhost:57305 for channel [id: 0x515be658, L:/127.0.0.1:56909 - R:localhost/127.0.0.1:57305]
19:26:48.923 [Forwarding findElement on session d9454d953e25f098eb13b689e7306cf4 to remote] DEBUG org.asynchttpclient.netty.request.NettyRequestSender - Using pooled Channel '[id: 0x515be658, L:/127.0.0.1:56909 - R:localhost/127.0.0.1:57305]' for 'POST' to 'http://localhost:57305/session/d9454d953e25f098eb13b689e7306cf4/element'
19:26:48.923 [Forwarding findElement on session d9454d953e25f098eb13b689e7306cf4 to remote] DEBUG org.asynchttpclient.netty.request.NettyRequestSender - Using open Channel [id: 0x515be658, L:/127.0.0.1:56909 - R:localhost/127.0.0.1:57305] for POST '/session/d9454d953e25f098eb13b689e7306cf4/element'
19:26:48.935 [AsyncHttpClient-1-7] DEBUG org.asynchttpclient.netty.handler.HttpHandler - 

Request DefaultHttpRequest(decodeResult: success, version: HTTP/1.1)
POST /session/d9454d953e25f098eb13b689e7306cf4/element HTTP/1.1
User-Agent: selenium/4.1.2 (java windows)
Content-Length: 75
Content-Type: application/json; charset=utf-8
host: localhost:57305
accept: */*

Response DefaultHttpResponse(decodeResult: success, version: HTTP/1.1)
HTTP/1.1 200 OK
Content-Type: application/json; charset=utf-8
cache-control: no-cache
content-length: 88

19:26:48.935 [AsyncHttpClient-1-7] DEBUG org.asynchttpclient.netty.channel.ChannelManager - Adding key: http://localhost:57305 for channel [id: 0x515be658, L:/127.0.0.1:56909 - R:localhost/127.0.0.1:57305]
19:26:48.938 [Forwarding clickElement on session d9454d953e25f098eb13b689e7306cf4 to remote] DEBUG org.asynchttpclient.netty.request.NettyRequestSender - Using pooled Channel '[id: 0x515be658, L:/127.0.0.1:56909 - R:localhost/127.0.0.1:57305]' for 'POST' to 'http://localhost:57305/session/d9454d953e25f098eb13b689e7306cf4/element/664cfdf9-d8f6-4749-9350-a37f49b38932/click'
19:26:48.938 [Forwarding clickElement on session d9454d953e25f098eb13b689e7306cf4 to remote] DEBUG org.asynchttpclient.netty.request.NettyRequestSender - Using open Channel [id: 0x515be658, L:/127.0.0.1:56909 - R:localhost/127.0.0.1:57305] for POST '/session/d9454d953e25f098eb13b689e7306cf4/element/664cfdf9-d8f6-4749-9350-a37f49b38932/click'
19:26:49.003 [AsyncHttpClient-1-7] DEBUG org.asynchttpclient.netty.handler.HttpHandler - 

Request DefaultHttpRequest(decodeResult: success, version: HTTP/1.1)
POST /session/d9454d953e25f098eb13b689e7306cf4/element/664cfdf9-d8f6-4749-9350-a37f49b38932/click HTTP/1.1
User-Agent: selenium/4.1.2 (java windows)
Content-Length: 50
Content-Type: application/json; charset=utf-8
host: localhost:57305
accept: */*

Response DefaultHttpResponse(decodeResult: success, version: HTTP/1.1)
HTTP/1.1 200 OK
Content-Type: application/json; charset=utf-8
cache-control: no-cache
content-length: 14

19:26:49.003 [AsyncHttpClient-1-7] DEBUG org.asynchttpclient.netty.channel.ChannelManager - Adding key: http://localhost:57305 for channel [id: 0x515be658, L:/127.0.0.1:56909 - R:localhost/127.0.0.1:57305]
  &amp#27;[32mAnd &amp#27;[0m&amp#27;[32mi click register button&amp#27;[0m            &amp#27;[90m# starter.stepdefinitions.registerStep.iClickRegisterButton()&amp#27;[0m
19:26:49.013 [Forwarding screenshot on session d9454d953e25f098eb13b689e7306cf4 to remote] DEBUG org.asynchttpclient.netty.request.NettyRequestSender - Using pooled Channel '[id: 0x515be658, L:/127.0.0.1:56909 - R:localhost/127.0.0.1:57305]' for 'GET' to 'http://localhost:57305/session/d9454d953e25f098eb13b689e7306cf4/screenshot'
19:26:49.013 [Forwarding screenshot on session d9454d953e25f098eb13b689e7306cf4 to remote] DEBUG org.asynchttpclient.netty.request.NettyRequestSender - Using open Channel [id: 0x515be658, L:/127.0.0.1:56909 - R:localhost/127.0.0.1:57305] for GET '/session/d9454d953e25f098eb13b689e7306cf4/screenshot'
19:26:49.460 [AsyncHttpClient-1-7] DEBUG org.asynchttpclient.netty.handler.HttpHandler - 

Request DefaultFullHttpRequest(decodeResult: success, version: HTTP/1.1, content: EmptyByteBufBE)
GET /session/d9454d953e25f098eb13b689e7306cf4/screenshot HTTP/1.1
User-Agent: selenium/4.1.2 (java windows)
Cache-Control: no-cache
Content-Type: application/json; charset=utf-8
host: localhost:57305
accept: */*

Response DefaultHttpResponse(decodeResult: success, version: HTTP/1.1)
HTTP/1.1 200 OK
Content-Type: application/json; charset=utf-8
cache-control: no-cache
content-length: 55028

19:26:49.460 [AsyncHttpClient-1-7] DEBUG org.asynchttpclient.netty.channel.ChannelManager - Adding key: http://localhost:57305 for channel [id: 0x515be658, L:/127.0.0.1:56909 - R:localhost/127.0.0.1:57305]
19:26:49.465 [main] DEBUG net.serenitybdd.core.photography.Darkroom - Send negative for processing for target\site\serenity\8472007436a79a757a1ddecd34b89dcc11b43c7570003327a4ea35b304a702a8.png
19:26:49.467 [Darkroom Processing Line] DEBUG net.serenitybdd.core.photography.DarkroomProcessingLine - Processing screenshot image in /var/screenshots/screenshot-1052442837360005183
19:26:49.467 [Darkroom Processing Line] DEBUG net.serenitybdd.core.photography.DarkroomProcessingLine - Saving screenshot to target\site\serenity\8472007436a79a757a1ddecd34b89dcc11b43c7570003327a4ea35b304a702a8.png
19:26:49.482 [Forwarding findElement on session d9454d953e25f098eb13b689e7306cf4 to remote] DEBUG org.asynchttpclient.netty.request.NettyRequestSender - Using pooled Channel '[id: 0x515be658, L:/127.0.0.1:56909 - R:localhost/127.0.0.1:57305]' for 'POST' to 'http://localhost:57305/session/d9454d953e25f098eb13b689e7306cf4/element'
19:26:49.482 [Forwarding findElement on session d9454d953e25f098eb13b689e7306cf4 to remote] DEBUG org.asynchttpclient.netty.request.NettyRequestSender - Using open Channel [id: 0x515be658, L:/127.0.0.1:56909 - R:localhost/127.0.0.1:57305] for POST '/session/d9454d953e25f098eb13b689e7306cf4/element'
19:26:49.495 [AsyncHttpClient-1-7] DEBUG org.asynchttpclient.netty.handler.HttpHandler - 

Request DefaultHttpRequest(decodeResult: success, version: HTTP/1.1)
POST /session/d9454d953e25f098eb13b689e7306cf4/element HTTP/1.1
User-Agent: selenium/4.1.2 (java windows)
Content-Length: 86
Content-Type: application/json; charset=utf-8
host: localhost:57305
accept: */*

Response DefaultHttpResponse(decodeResult: success, version: HTTP/1.1)
HTTP/1.1 200 OK
Content-Type: application/json; charset=utf-8
cache-control: no-cache
content-length: 88

19:26:49.495 [AsyncHttpClient-1-7] DEBUG org.asynchttpclient.netty.channel.ChannelManager - Adding key: http://localhost:57305 for channel [id: 0x515be658, L:/127.0.0.1:56909 - R:localhost/127.0.0.1:57305]
19:26:49.502 [Forwarding isElementDisplayed on session d9454d953e25f098eb13b689e7306cf4 to remote] DEBUG org.asynchttpclient.netty.request.NettyRequestSender - Using pooled Channel '[id: 0x515be658, L:/127.0.0.1:56909 - R:localhost/127.0.0.1:57305]' for 'POST' to 'http://localhost:57305/session/d9454d953e25f098eb13b689e7306cf4/execute/sync'
19:26:49.502 [Forwarding isElementDisplayed on session d9454d953e25f098eb13b689e7306cf4 to remote] DEBUG org.asynchttpclient.netty.request.NettyRequestSender - Using open Channel [id: 0x515be658, L:/127.0.0.1:56909 - R:localhost/127.0.0.1:57305] for POST '/session/d9454d953e25f098eb13b689e7306cf4/execute/sync'
19:26:49.522 [AsyncHttpClient-1-7] DEBUG org.asynchttpclient.netty.handler.HttpHandler - 

Request DefaultHttpRequest(decodeResult: success, version: HTTP/1.1)
POST /session/d9454d953e25f098eb13b689e7306cf4/execute/sync HTTP/1.1
User-Agent: selenium/4.1.2 (java windows)
Content-Length: 48780
Content-Type: application/json; charset=utf-8
host: localhost:57305
accept: */*

Response DefaultHttpResponse(decodeResult: success, version: HTTP/1.1)
HTTP/1.1 200 OK
Content-Type: application/json; charset=utf-8
cache-control: no-cache
content-length: 14

19:26:49.522 [AsyncHttpClient-1-7] DEBUG org.asynchttpclient.netty.channel.ChannelManager - Adding key: http://localhost:57305 for channel [id: 0x515be658, L:/127.0.0.1:56909 - R:localhost/127.0.0.1:57305]
19:26:49.525 [Forwarding findElement on session d9454d953e25f098eb13b689e7306cf4 to remote] DEBUG org.asynchttpclient.netty.request.NettyRequestSender - Using pooled Channel '[id: 0x515be658, L:/127.0.0.1:56909 - R:localhost/127.0.0.1:57305]' for 'POST' to 'http://localhost:57305/session/d9454d953e25f098eb13b689e7306cf4/element'
19:26:49.525 [Forwarding findElement on session d9454d953e25f098eb13b689e7306cf4 to remote] DEBUG org.asynchttpclient.netty.request.NettyRequestSender - Using open Channel [id: 0x515be658, L:/127.0.0.1:56909 - R:localhost/127.0.0.1:57305] for POST '/session/d9454d953e25f098eb13b689e7306cf4/element'
19:26:49.540 [AsyncHttpClient-1-7] DEBUG org.asynchttpclient.netty.handler.HttpHandler - 

Request DefaultHttpRequest(decodeResult: success, version: HTTP/1.1)
POST /session/d9454d953e25f098eb13b689e7306cf4/element HTTP/1.1
User-Agent: selenium/4.1.2 (java windows)
Content-Length: 149
Content-Type: application/json; charset=utf-8
host: localhost:57305
accept: */*

Response DefaultHttpResponse(decodeResult: success, version: HTTP/1.1)
HTTP/1.1 200 OK
Content-Type: application/json; charset=utf-8
cache-control: no-cache
content-length: 88

19:26:49.542 [AsyncHttpClient-1-7] DEBUG org.asynchttpclient.netty.channel.ChannelManager - Adding key: http://localhost:57305 for channel [id: 0x515be658, L:/127.0.0.1:56909 - R:localhost/127.0.0.1:57305]
19:26:49.547 [Forwarding isElementDisplayed on session d9454d953e25f098eb13b689e7306cf4 to remote] DEBUG org.asynchttpclient.netty.request.NettyRequestSender - Using pooled Channel '[id: 0x515be658, L:/127.0.0.1:56909 - R:localhost/127.0.0.1:57305]' for 'POST' to 'http://localhost:57305/session/d9454d953e25f098eb13b689e7306cf4/execute/sync'
19:26:49.547 [Forwarding isElementDisplayed on session d9454d953e25f098eb13b689e7306cf4 to remote] DEBUG org.asynchttpclient.netty.request.NettyRequestSender - Using open Channel [id: 0x515be658, L:/127.0.0.1:56909 - R:localhost/127.0.0.1:57305] for POST '/session/d9454d953e25f098eb13b689e7306cf4/execute/sync'
19:26:49.562 [AsyncHttpClient-1-7] DEBUG org.asynchttpclient.netty.handler.HttpHandler - 

Request DefaultHttpRequest(decodeResult: success, version: HTTP/1.1)
POST /session/d9454d953e25f098eb13b689e7306cf4/execute/sync HTTP/1.1
User-Agent: selenium/4.1.2 (java windows)
Content-Length: 48780
Content-Type: application/json; charset=utf-8
host: localhost:57305
accept: */*

Response DefaultHttpResponse(decodeResult: success, version: HTTP/1.1)
HTTP/1.1 200 OK
Content-Type: application/json; charset=utf-8
cache-control: no-cache
content-length: 14

19:26:49.562 [AsyncHttpClient-1-7] DEBUG org.asynchttpclient.netty.channel.ChannelManager - Adding key: http://localhost:57305 for channel [id: 0x515be658, L:/127.0.0.1:56909 - R:localhost/127.0.0.1:57305]
  &amp#27;[32mThen &amp#27;[0m&amp#27;[32mi get my &amp#27;[0m&amp#27;[32m&amp#27;[1m"Register Page"&amp#27;[0m          &amp#27;[90m# starter.stepdefinitions.registerStep.iGetMy(java.lang.String)&amp#27;[0m
19:26:49.572 [Forwarding screenshot on session d9454d953e25f098eb13b689e7306cf4 to remote] DEBUG org.asynchttpclient.netty.request.NettyRequestSender - Using pooled Channel '[id: 0x515be658, L:/127.0.0.1:56909 - R:localhost/127.0.0.1:57305]' for 'GET' to 'http://localhost:57305/session/d9454d953e25f098eb13b689e7306cf4/screenshot'
19:26:49.572 [Forwarding screenshot on session d9454d953e25f098eb13b689e7306cf4 to remote] DEBUG org.asynchttpclient.netty.request.NettyRequestSender - Using open Channel [id: 0x515be658, L:/127.0.0.1:56909 - R:localhost/127.0.0.1:57305] for GET '/session/d9454d953e25f098eb13b689e7306cf4/screenshot'
19:26:49.764 [AsyncHttpClient-1-7] DEBUG org.asynchttpclient.netty.handler.HttpHandler - 

Request DefaultFullHttpRequest(decodeResult: success, version: HTTP/1.1, content: EmptyByteBufBE)
GET /session/d9454d953e25f098eb13b689e7306cf4/screenshot HTTP/1.1
User-Agent: selenium/4.1.2 (java windows)
Cache-Control: no-cache
Content-Type: application/json; charset=utf-8
host: localhost:57305
accept: */*

Response DefaultHttpResponse(decodeResult: success, version: HTTP/1.1)
HTTP/1.1 200 OK
Content-Type: application/json; charset=utf-8
cache-control: no-cache
content-length: 56896

19:26:49.766 [AsyncHttpClient-1-7] DEBUG org.asynchttpclient.netty.channel.ChannelManager - Adding key: http://localhost:57305 for channel [id: 0x515be658, L:/127.0.0.1:56909 - R:localhost/127.0.0.1:57305]
19:26:49.770 [main] DEBUG net.serenitybdd.core.photography.Darkroom - Send negative for processing for target\site\serenity\45c3be5bae99d35ce8d22fd3c973b233cdfbffd170771ac2d6b3067dc18ae217.png
19:26:49.771 [Darkroom Processing Line] DEBUG net.serenitybdd.core.photography.DarkroomProcessingLine - Processing screenshot image in /var/screenshots/screenshot-14532131731487353839
19:26:49.771 [Darkroom Processing Line] DEBUG net.serenitybdd.core.photography.DarkroomProcessingLine - Saving screenshot to target\site\serenity\45c3be5bae99d35ce8d22fd3c973b233cdfbffd170771ac2d6b3067dc18ae217.png
19:26:49.780 [AsyncHttpClient-1-9] DEBUG org.asynchttpclient.netty.handler.WebSocketHandler - Channel Closed: [id: 0xa3564cda, L:/127.0.0.1:56920 ! R:localhost/127.0.0.1:56910] with attribute NettyResponseFuture{currentRetry=5,
	isDone=1,
	isCancelled=0,
	asyncHandler=org.asynchttpclient.ws.WebSocketUpgradeHandler@631fc0c9,
	nettyRequest=org.asynchttpclient.netty.request.NettyRequest@5febb345,
	future=java.util.concurrent.CompletableFuture@1b515040[Completed normally],
	uri=ws://localhost:56910/devtools/browser/cff71d81-1118-4e02-a71e-7aa286acf1bb,
	keepAlive=true,
	redirectCount=0,
	timeoutsHolder=null,
	inAuth=0,
	touch=1651321599989}
19:26:49.780 [AsyncHttpClient-1-9] DEBUG org.asynchttpclient.netty.channel.ChannelManager - Closing Channel [id: 0xa3564cda, L:/127.0.0.1:56920 ! R:localhost/127.0.0.1:56910] 
19:26:49.781 [Driver Command Executor] DEBUG org.asynchttpclient.netty.request.NettyRequestSender - Using pooled Channel '[id: 0x515be658, L:/127.0.0.1:56909 - R:localhost/127.0.0.1:57305]' for 'DELETE' to 'http://localhost:57305/session/d9454d953e25f098eb13b689e7306cf4'
19:26:49.781 [Driver Command Executor] DEBUG org.asynchttpclient.netty.request.NettyRequestSender - Using open Channel [id: 0x515be658, L:/127.0.0.1:56909 - R:localhost/127.0.0.1:57305] for DELETE '/session/d9454d953e25f098eb13b689e7306cf4'
19:26:49.810 [AsyncHttpClient-1-1] DEBUG org.asynchttpclient.netty.channel.DefaultChannelPool - Entry count for : http://localhost:56910 : 1
19:26:49.834 [AsyncHttpClient-1-8] DEBUG org.asynchttpclient.netty.handler.HttpHandler - Unexpected I/O exception on channel [id: 0x2cb0ba3e, L:/127.0.0.1:56919 - R:localhost/127.0.0.1:56910]
java.net.SocketException: Connection reset
	at java.base/sun.nio.ch.SocketChannelImpl.throwConnectionReset(SocketChannelImpl.java:367)
	at java.base/sun.nio.ch.SocketChannelImpl.read(SocketChannelImpl.java:398)
	at io.netty.buffer.PooledByteBuf.setBytes(PooledByteBuf.java:258)
	at io.netty.buffer.AbstractByteBuf.writeBytes(AbstractByteBuf.java:1132)
	at io.netty.channel.socket.nio.NioSocketChannel.doReadBytes(NioSocketChannel.java:350)
	at io.netty.channel.nio.AbstractNioByteChannel$NioByteUnsafe.read(AbstractNioByteChannel.java:151)
	at io.netty.channel.nio.NioEventLoop.processSelectedKey(NioEventLoop.java:722)
	at io.netty.channel.nio.NioEventLoop.processSelectedKeysOptimized(NioEventLoop.java:658)
	at io.netty.channel.nio.NioEventLoop.processSelectedKeys(NioEventLoop.java:584)
	at io.netty.channel.nio.NioEventLoop.run(NioEventLoop.java:496)
	at io.netty.util.concurrent.SingleThreadEventExecutor$4.run(SingleThreadEventExecutor.java:986)
	at io.netty.util.internal.ThreadExecutorMap$2.run(ThreadExecutorMap.java:74)
	at io.netty.util.concurrent.FastThreadLocalRunnable.run(FastThreadLocalRunnable.java:30)
	at java.base/java.lang.Thread.run(Thread.java:832)
19:26:49.837 [AsyncHttpClient-1-8] DEBUG org.asynchttpclient.netty.channel.ChannelManager - Closing Channel [id: 0x2cb0ba3e, L:/127.0.0.1:56919 - R:localhost/127.0.0.1:56910] 
19:26:49.837 [AsyncHttpClient-1-8] DEBUG org.asynchttpclient.netty.handler.HttpHandler - Channel Closed: [id: 0x2cb0ba3e, L:/127.0.0.1:56919 ! R:localhost/127.0.0.1:56910] with attribute DISCARD
19:26:49.863 [AsyncHttpClient-1-7] DEBUG org.asynchttpclient.netty.handler.HttpHandler - 

Request DefaultFullHttpRequest(decodeResult: success, version: HTTP/1.1, content: EmptyByteBufBE)
DELETE /session/d9454d953e25f098eb13b689e7306cf4 HTTP/1.1
User-Agent: selenium/4.1.2 (java windows)
Content-Type: application/json; charset=utf-8
host: localhost:57305
accept: */*

Response DefaultHttpResponse(decodeResult: success, version: HTTP/1.1)
HTTP/1.1 200 OK
Content-Type: application/json; charset=utf-8
cache-control: no-cache
content-length: 14

19:26:49.863 [AsyncHttpClient-1-7] DEBUG org.asynchttpclient.netty.channel.ChannelManager - Adding key: http://localhost:57305 for channel [id: 0x515be658, L:/127.0.0.1:56909 - R:localhost/127.0.0.1:57305]
19:26:50.173 [AsyncHttpClient-1-7] DEBUG org.asynchttpclient.netty.handler.HttpHandler - Channel Closed: [id: 0x515be658, L:/127.0.0.1:56909 ! R:localhost/127.0.0.1:57305] with attribute DISCARD
19:26:50.689 [main] INFO  - 
  _____   ___   ___   _____     ___     _     ___   ___   ___   ___  
 |_   _| | __| / __| |_   _|   | _ \   /_\   / __| / __| | __| |   \ 
   | |   | _|  \__ \   | |     |  _/  / _ \  \__ \ \__ \ | _|  | |) |
   |_|   |___| |___/   |_|     |_|   /_/ \_\ |___/ |___/ |___| |___/ 

Registration scenario
----------------------------------------------------------------------
]]></system-out>
    <system-err><![CDATA[Starting ChromeDriver 100.0.4896.60 (6a5d10861ce8de5fce22564658033b43cb7de047-refs/branch-heads/4896@{#875}) on port 57305
Only local connections are allowed.
Please see https://chromedriver.chromium.org/security-considerations for suggestions on keeping ChromeDriver safe.
ChromeDriver was started successfully.
Apr 30, 2022 7:26:39 PM org.openqa.selenium.remote.ProtocolHandshake createSession
INFO: Detected dialect: W3C
Apr 30, 2022 7:26:39 PM org.openqa.selenium.devtools.CdpVersionFinder findNearestMatch
WARNING: Unable to find an exact match for CDP version 100, so returning the closest version found: 97
Apr 30, 2022 7:26:39 PM org.openqa.selenium.devtools.CdpVersionFinder findNearestMatch
INFO: Found CDP implementation for version 100 of 97
]]></system-err>
  </testcase>
</testsuite>